{"/Users/noryan/Desktop/team_14_cm6311_project/backend/config/db.js": {"path":"/Users/noryan/Desktop/team_14_cm6311_project/backend/config/db.js","statementMap":{"0":{"start":{"line":5,"column":25},"end":{"line":40,"column":1}},"1":{"start":{"line":6,"column":4},"end":{"line":39,"column":null}},"2":{"start":{"line":8,"column":8},"end":{"line":12,"column":null}},"3":{"start":{"line":9,"column":12},"end":{"line":9,"column":null}},"4":{"start":{"line":10,"column":12},"end":{"line":10,"column":null}},"5":{"start":{"line":11,"column":12},"end":{"line":11,"column":null}},"6":{"start":{"line":15,"column":8},"end":{"line":19,"column":null}},"7":{"start":{"line":16,"column":12},"end":{"line":16,"column":null}},"8":{"start":{"line":17,"column":12},"end":{"line":17,"column":null}},"9":{"start":{"line":18,"column":12},"end":{"line":18,"column":null}},"10":{"start":{"line":21,"column":8},"end":{"line":21,"column":null}},"11":{"start":{"line":22,"column":21},"end":{"line":24,"column":10}},"12":{"start":{"line":25,"column":8},"end":{"line":25,"column":null}},"13":{"start":{"line":29,"column":8},"end":{"line":35,"column":17}},"14":{"start":{"line":30,"column":12},"end":{"line":34,"column":null}},"15":{"start":{"line":31,"column":16},"end":{"line":31,"column":null}},"16":{"start":{"line":33,"column":16},"end":{"line":33,"column":null}},"17":{"start":{"line":37,"column":8},"end":{"line":37,"column":null}},"18":{"start":{"line":38,"column":8},"end":{"line":38,"column":18}},"19":{"start":{"line":43,"column":24},"end":{"line":100,"column":1}},"20":{"start":{"line":44,"column":4},"end":{"line":99,"column":null}},"21":{"start":{"line":45,"column":27},"end":{"line":45,"column":44}},"22":{"start":{"line":46,"column":30},"end":{"line":46,"column":40}},"23":{"start":{"line":48,"column":8},"end":{"line":48,"column":null}},"24":{"start":{"line":49,"column":30},"end":{"line":49,"column":71}},"25":{"start":{"line":51,"column":8},"end":{"line":91,"column":null}},"26":{"start":{"line":53,"column":37},"end":{"line":53,"column":78}},"27":{"start":{"line":54,"column":12},"end":{"line":77,"column":null}},"28":{"start":{"line":55,"column":16},"end":{"line":55,"column":null}},"29":{"start":{"line":56,"column":30},"end":{"line":61,"column":18}},"30":{"start":{"line":62,"column":16},"end":{"line":62,"column":null}},"31":{"start":{"line":63,"column":16},"end":{"line":63,"column":null}},"32":{"start":{"line":64,"column":16},"end":{"line":64,"column":null}},"33":{"start":{"line":65,"column":16},"end":{"line":65,"column":null}},"34":{"start":{"line":67,"column":30},"end":{"line":72,"column":18}},"35":{"start":{"line":73,"column":16},"end":{"line":73,"column":null}},"36":{"start":{"line":74,"column":16},"end":{"line":74,"column":null}},"37":{"start":{"line":75,"column":16},"end":{"line":75,"column":null}},"38":{"start":{"line":76,"column":16},"end":{"line":76,"column":null}},"39":{"start":{"line":80,"column":12},"end":{"line":90,"column":null}},"40":{"start":{"line":81,"column":16},"end":{"line":81,"column":null}},"41":{"start":{"line":82,"column":16},"end":{"line":82,"column":55}},"42":{"start":{"line":83,"column":16},"end":{"line":83,"column":null}},"43":{"start":{"line":84,"column":16},"end":{"line":84,"column":null}},"44":{"start":{"line":85,"column":16},"end":{"line":85,"column":null}},"45":{"start":{"line":86,"column":16},"end":{"line":86,"column":null}},"46":{"start":{"line":88,"column":16},"end":{"line":88,"column":null}},"47":{"start":{"line":89,"column":16},"end":{"line":89,"column":null}},"48":{"start":{"line":94,"column":8},"end":{"line":94,"column":null}},"49":{"start":{"line":95,"column":8},"end":{"line":97,"column":null}},"50":{"start":{"line":96,"column":12},"end":{"line":96,"column":null}}},"fnMap":{"0":{"name":"(anonymous_0)","decl":{"start":{"line":5,"column":25},"end":{"line":5,"column":30}},"loc":{"start":{"line":5,"column":37},"end":{"line":40,"column":1}},"line":5},"1":{"name":"(anonymous_1)","decl":{"start":{"line":29,"column":19},"end":{"line":29,"column":24}},"loc":{"start":{"line":29,"column":31},"end":{"line":35,"column":9}},"line":29},"2":{"name":"(anonymous_2)","decl":{"start":{"line":43,"column":24},"end":{"line":43,"column":29}},"loc":{"start":{"line":43,"column":36},"end":{"line":100,"column":1}},"line":43}},"branchMap":{"0":{"loc":{"start":{"line":8,"column":8},"end":{"line":12,"column":null}},"type":"if","locations":[{"start":{"line":8,"column":8},"end":{"line":12,"column":null}},{"start":{},"end":{}}],"line":8},"1":{"loc":{"start":{"line":15,"column":8},"end":{"line":19,"column":null}},"type":"if","locations":[{"start":{"line":15,"column":8},"end":{"line":19,"column":null}},{"start":{},"end":{}}],"line":15},"2":{"loc":{"start":{"line":15,"column":12},"end":{"line":15,"column":102}},"type":"binary-expr","locations":[{"start":{"line":15,"column":12},"end":{"line":15,"column":55}},{"start":{"line":15,"column":59},"end":{"line":15,"column":102}}],"line":15},"3":{"loc":{"start":{"line":51,"column":8},"end":{"line":91,"column":null}},"type":"if","locations":[{"start":{"line":51,"column":8},"end":{"line":91,"column":null}},{"start":{"line":78,"column":15},"end":{"line":91,"column":null}}],"line":51},"4":{"loc":{"start":{"line":54,"column":12},"end":{"line":77,"column":null}},"type":"if","locations":[{"start":{"line":54,"column":12},"end":{"line":77,"column":null}},{"start":{"line":66,"column":19},"end":{"line":77,"column":null}}],"line":54},"5":{"loc":{"start":{"line":54,"column":16},"end":{"line":54,"column":73}},"type":"binary-expr","locations":[{"start":{"line":54,"column":16},"end":{"line":54,"column":32}},{"start":{"line":54,"column":36},"end":{"line":54,"column":73}}],"line":54},"6":{"loc":{"start":{"line":80,"column":12},"end":{"line":90,"column":null}},"type":"if","locations":[{"start":{"line":80,"column":12},"end":{"line":90,"column":null}},{"start":{"line":87,"column":19},"end":{"line":90,"column":null}}],"line":80},"7":{"loc":{"start":{"line":95,"column":8},"end":{"line":97,"column":null}},"type":"if","locations":[{"start":{"line":95,"column":8},"end":{"line":97,"column":null}},{"start":{},"end":{}}],"line":95}},"s":{"0":0,"1":0,"2":0,"3":0,"4":0,"5":0,"6":0,"7":0,"8":0,"9":0,"10":0,"11":0,"12":0,"13":0,"14":0,"15":0,"16":0,"17":0,"18":0,"19":0,"20":0,"21":0,"22":0,"23":0,"24":0,"25":0,"26":0,"27":0,"28":0,"29":0,"30":0,"31":0,"32":0,"33":0,"34":0,"35":0,"36":0,"37":0,"38":0,"39":0,"40":0,"41":0,"42":0,"43":0,"44":0,"45":0,"46":0,"47":0,"48":0,"49":0,"50":0},"f":{"0":0,"1":0,"2":0},"b":{"0":[0,0],"1":[0,0],"2":[0,0],"3":[0,0],"4":[0,0],"5":[0,0],"6":[0,0],"7":[0,0]},"meta":{"lastBranch":8,"lastFunction":3,"lastStatement":51,"seen":{"s:5:25:40:1":0,"f:5:25:5:30":0,"s:6:4:39:Infinity":1,"b:8:8:12:Infinity:undefined:undefined:undefined:undefined":0,"s:8:8:12:Infinity":2,"s:9:12:9:Infinity":3,"s:10:12:10:Infinity":4,"s:11:12:11:Infinity":5,"b:15:8:19:Infinity:undefined:undefined:undefined:undefined":1,"s:15:8:19:Infinity":6,"b:15:12:15:55:15:59:15:102":2,"s:16:12:16:Infinity":7,"s:17:12:17:Infinity":8,"s:18:12:18:Infinity":9,"s:21:8:21:Infinity":10,"s:22:21:24:10":11,"s:25:8:25:Infinity":12,"s:29:8:35:17":13,"f:29:19:29:24":1,"s:30:12:34:Infinity":14,"s:31:16:31:Infinity":15,"s:33:16:33:Infinity":16,"s:37:8:37:Infinity":17,"s:38:8:38:18":18,"s:43:24:100:1":19,"f:43:24:43:29":2,"s:44:4:99:Infinity":20,"s:45:27:45:44":21,"s:46:30:46:40":22,"s:48:8:48:Infinity":23,"s:49:30:49:71":24,"b:51:8:91:Infinity:78:15:91:Infinity":3,"s:51:8:91:Infinity":25,"s:53:37:53:78":26,"b:54:12:77:Infinity:66:19:77:Infinity":4,"s:54:12:77:Infinity":27,"b:54:16:54:32:54:36:54:73":5,"s:55:16:55:Infinity":28,"s:56:30:61:18":29,"s:62:16:62:Infinity":30,"s:63:16:63:Infinity":31,"s:64:16:64:Infinity":32,"s:65:16:65:Infinity":33,"s:67:30:72:18":34,"s:73:16:73:Infinity":35,"s:74:16:74:Infinity":36,"s:75:16:75:Infinity":37,"s:76:16:76:Infinity":38,"b:80:12:90:Infinity:87:19:90:Infinity":6,"s:80:12:90:Infinity":39,"s:81:16:81:Infinity":40,"s:82:16:82:55":41,"s:83:16:83:Infinity":42,"s:84:16:84:Infinity":43,"s:85:16:85:Infinity":44,"s:86:16:86:Infinity":45,"s:88:16:88:Infinity":46,"s:89:16:89:Infinity":47,"s:94:8:94:Infinity":48,"b:95:8:97:Infinity:undefined:undefined:undefined:undefined":7,"s:95:8:97:Infinity":49,"s:96:12:96:Infinity":50}}}
,"/Users/noryan/Desktop/team_14_cm6311_project/backend/config/passport.js": {"path":"/Users/noryan/Desktop/team_14_cm6311_project/backend/config/passport.js","statementMap":{"0":{"start":{"line":7,"column":0},"end":{"line":7,"column":null}},"1":{"start":{"line":10,"column":25},"end":{"line":10,"column":30}},"2":{"start":{"line":13,"column":20},"end":{"line":13,"column":50}},"3":{"start":{"line":14,"column":24},"end":{"line":14,"column":58}},"4":{"start":{"line":17,"column":0},"end":{"line":91,"column":null}},"5":{"start":{"line":18,"column":2},"end":{"line":18,"column":null}},"6":{"start":{"line":19,"column":2},"end":{"line":19,"column":null}},"7":{"start":{"line":21,"column":22},"end":{"line":22,"column":90}},"8":{"start":{"line":24,"column":2},"end":{"line":24,"column":null}},"9":{"start":{"line":26,"column":2},"end":{"line":85,"column":null}},"10":{"start":{"line":34,"column":6},"end":{"line":82,"column":null}},"11":{"start":{"line":36,"column":19},"end":{"line":36,"column":63}},"12":{"start":{"line":38,"column":8},"end":{"line":41,"column":null}},"13":{"start":{"line":40,"column":10},"end":{"line":40,"column":null}},"14":{"start":{"line":44,"column":8},"end":{"line":44,"column":null}},"15":{"start":{"line":46,"column":8},"end":{"line":56,"column":null}},"16":{"start":{"line":48,"column":10},"end":{"line":48,"column":null}},"17":{"start":{"line":49,"column":10},"end":{"line":49,"column":null}},"18":{"start":{"line":51,"column":10},"end":{"line":53,"column":null}},"19":{"start":{"line":52,"column":12},"end":{"line":52,"column":null}},"20":{"start":{"line":54,"column":10},"end":{"line":54,"column":null}},"21":{"start":{"line":55,"column":10},"end":{"line":55,"column":null}},"22":{"start":{"line":60,"column":25},"end":{"line":60,"column":85}},"23":{"start":{"line":63,"column":29},"end":{"line":63,"column":37}},"24":{"start":{"line":64,"column":22},"end":{"line":64,"column":23}},"25":{"start":{"line":65,"column":8},"end":{"line":68,"column":null}},"26":{"start":{"line":66,"column":10},"end":{"line":66,"column":null}},"27":{"start":{"line":67,"column":10},"end":{"line":67,"column":null}},"28":{"start":{"line":70,"column":8},"end":{"line":76,"column":null}},"29":{"start":{"line":78,"column":8},"end":{"line":78,"column":null}},"30":{"start":{"line":80,"column":8},"end":{"line":80,"column":null}},"31":{"start":{"line":81,"column":8},"end":{"line":81,"column":null}},"32":{"start":{"line":87,"column":2},"end":{"line":87,"column":null}},"33":{"start":{"line":88,"column":2},"end":{"line":88,"column":null}},"34":{"start":{"line":89,"column":2},"end":{"line":89,"column":null}},"35":{"start":{"line":90,"column":2},"end":{"line":90,"column":null}},"36":{"start":{"line":94,"column":0},"end":{"line":96,"column":null}},"37":{"start":{"line":95,"column":2},"end":{"line":95,"column":null}},"38":{"start":{"line":99,"column":0},"end":{"line":106,"column":null}},"39":{"start":{"line":100,"column":2},"end":{"line":105,"column":null}},"40":{"start":{"line":101,"column":17},"end":{"line":101,"column":40}},"41":{"start":{"line":102,"column":4},"end":{"line":102,"column":null}},"42":{"start":{"line":104,"column":4},"end":{"line":104,"column":null}}},"fnMap":{"0":{"name":"(anonymous_0)","decl":{"start":{"line":33,"column":4},"end":{"line":33,"column":9}},"loc":{"start":{"line":33,"column":56},"end":{"line":83,"column":null}},"line":33},"1":{"name":"(anonymous_1)","decl":{"start":{"line":94,"column":23},"end":{"line":94,"column":24}},"loc":{"start":{"line":94,"column":39},"end":{"line":96,"column":1}},"line":94},"2":{"name":"(anonymous_2)","decl":{"start":{"line":99,"column":25},"end":{"line":99,"column":30}},"loc":{"start":{"line":99,"column":45},"end":{"line":106,"column":1}},"line":99}},"branchMap":{"0":{"loc":{"start":{"line":17,"column":0},"end":{"line":91,"column":null}},"type":"if","locations":[{"start":{"line":17,"column":0},"end":{"line":91,"column":null}},{"start":{"line":86,"column":7},"end":{"line":91,"column":null}}],"line":17},"1":{"loc":{"start":{"line":17,"column":4},"end":{"line":17,"column":34}},"type":"binary-expr","locations":[{"start":{"line":17,"column":4},"end":{"line":17,"column":15}},{"start":{"line":17,"column":19},"end":{"line":17,"column":34}}],"line":17},"2":{"loc":{"start":{"line":21,"column":22},"end":{"line":22,"column":90}},"type":"binary-expr","locations":[{"start":{"line":21,"column":22},"end":{"line":21,"column":53}},{"start":{"line":22,"column":4},"end":{"line":22,"column":90}}],"line":21},"3":{"loc":{"start":{"line":22,"column":7},"end":{"line":22,"column":57}},"type":"binary-expr","locations":[{"start":{"line":22,"column":7},"end":{"line":22,"column":30}},{"start":{"line":22,"column":34},"end":{"line":22,"column":57}}],"line":22},"4":{"loc":{"start":{"line":38,"column":8},"end":{"line":41,"column":null}},"type":"if","locations":[{"start":{"line":38,"column":8},"end":{"line":41,"column":null}},{"start":{},"end":{}}],"line":38},"5":{"loc":{"start":{"line":46,"column":8},"end":{"line":56,"column":null}},"type":"if","locations":[{"start":{"line":46,"column":8},"end":{"line":56,"column":null}},{"start":{},"end":{}}],"line":46},"6":{"loc":{"start":{"line":51,"column":10},"end":{"line":53,"column":null}},"type":"if","locations":[{"start":{"line":51,"column":10},"end":{"line":53,"column":null}},{"start":{},"end":{}}],"line":51},"7":{"loc":{"start":{"line":52,"column":28},"end":{"line":52,"column":88}},"type":"binary-expr","locations":[{"start":{"line":52,"column":28},"end":{"line":52,"column":47}},{"start":{"line":52,"column":51},"end":{"line":52,"column":88}}],"line":52},"8":{"loc":{"start":{"line":60,"column":25},"end":{"line":60,"column":85}},"type":"binary-expr","locations":[{"start":{"line":60,"column":25},"end":{"line":60,"column":44}},{"start":{"line":60,"column":48},"end":{"line":60,"column":85}}],"line":60},"9":{"loc":{"start":{"line":75,"column":26},"end":{"line":75,"column":92}},"type":"cond-expr","locations":[{"start":{"line":75,"column":64},"end":{"line":75,"column":87}},{"start":{"line":75,"column":90},"end":{"line":75,"column":92}}],"line":75},"10":{"loc":{"start":{"line":75,"column":26},"end":{"line":75,"column":61}},"type":"binary-expr","locations":[{"start":{"line":75,"column":26},"end":{"line":75,"column":40}},{"start":{"line":75,"column":44},"end":{"line":75,"column":61}}],"line":75},"11":{"loc":{"start":{"line":89,"column":39},"end":{"line":89,"column":74}},"type":"cond-expr","locations":[{"start":{"line":89,"column":53},"end":{"line":89,"column":60}},{"start":{"line":89,"column":63},"end":{"line":89,"column":74}}],"line":89},"12":{"loc":{"start":{"line":90,"column":43},"end":{"line":90,"column":82}},"type":"cond-expr","locations":[{"start":{"line":90,"column":61},"end":{"line":90,"column":68}},{"start":{"line":90,"column":71},"end":{"line":90,"column":82}}],"line":90}},"s":{"0":1,"1":1,"2":1,"3":1,"4":1,"5":1,"6":1,"7":1,"8":1,"9":1,"10":0,"11":0,"12":0,"13":0,"14":0,"15":0,"16":0,"17":0,"18":0,"19":0,"20":0,"21":0,"22":0,"23":0,"24":0,"25":0,"26":0,"27":0,"28":0,"29":0,"30":0,"31":0,"32":0,"33":0,"34":0,"35":0,"36":1,"37":0,"38":1,"39":0,"40":0,"41":0,"42":0},"f":{"0":0,"1":0,"2":0},"b":{"0":[1,0],"1":[1,1],"2":[1,0],"3":[0,0],"4":[0,0],"5":[0,0],"6":[0,0],"7":[0,0],"8":[0,0],"9":[0,0],"10":[0,0],"11":[0,0],"12":[0,0]},"meta":{"lastBranch":13,"lastFunction":3,"lastStatement":43,"seen":{"s:7:0:7:Infinity":0,"s:10:25:10:30":1,"s:13:20:13:50":2,"s:14:24:14:58":3,"b:17:0:91:Infinity:86:7:91:Infinity":0,"s:17:0:91:Infinity":4,"b:17:4:17:15:17:19:17:34":1,"s:18:2:18:Infinity":5,"s:19:2:19:Infinity":6,"s:21:22:22:90":7,"b:21:22:21:53:22:4:22:90":2,"b:22:7:22:30:22:34:22:57":3,"s:24:2:24:Infinity":8,"s:26:2:85:Infinity":9,"f:33:4:33:9":0,"s:34:6:82:Infinity":10,"s:36:19:36:63":11,"b:38:8:41:Infinity:undefined:undefined:undefined:undefined":4,"s:38:8:41:Infinity":12,"s:40:10:40:Infinity":13,"s:44:8:44:Infinity":14,"b:46:8:56:Infinity:undefined:undefined:undefined:undefined":5,"s:46:8:56:Infinity":15,"s:48:10:48:Infinity":16,"s:49:10:49:Infinity":17,"b:51:10:53:Infinity:undefined:undefined:undefined:undefined":6,"s:51:10:53:Infinity":18,"s:52:12:52:Infinity":19,"b:52:28:52:47:52:51:52:88":7,"s:54:10:54:Infinity":20,"s:55:10:55:Infinity":21,"s:60:25:60:85":22,"b:60:25:60:44:60:48:60:85":8,"s:63:29:63:37":23,"s:64:22:64:23":24,"s:65:8:68:Infinity":25,"s:66:10:66:Infinity":26,"s:67:10:67:Infinity":27,"s:70:8:76:Infinity":28,"b:75:64:75:87:75:90:75:92":9,"b:75:26:75:40:75:44:75:61":10,"s:78:8:78:Infinity":29,"s:80:8:80:Infinity":30,"s:81:8:81:Infinity":31,"s:87:2:87:Infinity":32,"s:88:2:88:Infinity":33,"s:89:2:89:Infinity":34,"b:89:53:89:60:89:63:89:74":11,"s:90:2:90:Infinity":35,"b:90:61:90:68:90:71:90:82":12,"s:94:0:96:Infinity":36,"f:94:23:94:24":1,"s:95:2:95:Infinity":37,"s:99:0:106:Infinity":38,"f:99:25:99:30":2,"s:100:2:105:Infinity":39,"s:101:17:101:40":40,"s:102:4:102:Infinity":41,"s:104:4:104:Infinity":42}}}
,"/Users/noryan/Desktop/team_14_cm6311_project/backend/middleware/auth.js": {"path":"/Users/noryan/Desktop/team_14_cm6311_project/backend/middleware/auth.js","statementMap":{"0":{"start":{"line":4,"column":23},"end":{"line":33,"column":1}},"1":{"start":{"line":7,"column":2},"end":{"line":31,"column":null}},"2":{"start":{"line":11,"column":4},"end":{"line":30,"column":null}},"3":{"start":{"line":12,"column":6},"end":{"line":12,"column":null}},"4":{"start":{"line":14,"column":22},"end":{"line":14,"column":63}},"5":{"start":{"line":16,"column":6},"end":{"line":16,"column":null}},"6":{"start":{"line":19,"column":6},"end":{"line":24,"column":null}},"7":{"start":{"line":20,"column":8},"end":{"line":23,"column":null}},"8":{"start":{"line":26,"column":6},"end":{"line":26,"column":null}},"9":{"start":{"line":28,"column":6},"end":{"line":28,"column":null}},"10":{"start":{"line":29,"column":6},"end":{"line":29,"column":null}},"11":{"start":{"line":32,"column":2},"end":{"line":32,"column":null}},"12":{"start":{"line":35,"column":21},"end":{"line":45,"column":1}},"13":{"start":{"line":36,"column":2},"end":{"line":38,"column":null}},"14":{"start":{"line":37,"column":4},"end":{"line":37,"column":null}},"15":{"start":{"line":40,"column":2},"end":{"line":42,"column":null}},"16":{"start":{"line":41,"column":4},"end":{"line":41,"column":null}},"17":{"start":{"line":44,"column":2},"end":{"line":44,"column":null}}},"fnMap":{"0":{"name":"(anonymous_0)","decl":{"start":{"line":4,"column":23},"end":{"line":4,"column":28}},"loc":{"start":{"line":4,"column":49},"end":{"line":33,"column":1}},"line":4},"1":{"name":"(anonymous_1)","decl":{"start":{"line":35,"column":21},"end":{"line":35,"column":26}},"loc":{"start":{"line":35,"column":47},"end":{"line":45,"column":1}},"line":35}},"branchMap":{"0":{"loc":{"start":{"line":7,"column":2},"end":{"line":31,"column":null}},"type":"if","locations":[{"start":{"line":7,"column":2},"end":{"line":31,"column":null}},{"start":{},"end":{}}],"line":7},"1":{"loc":{"start":{"line":8,"column":4},"end":{"line":9,"column":null}},"type":"binary-expr","locations":[{"start":{"line":8,"column":4},"end":{"line":8,"column":29}},{"start":{"line":9,"column":4},"end":{"line":9,"column":null}}],"line":8},"2":{"loc":{"start":{"line":19,"column":6},"end":{"line":24,"column":null}},"type":"if","locations":[{"start":{"line":19,"column":6},"end":{"line":24,"column":null}},{"start":{},"end":{}}],"line":19},"3":{"loc":{"start":{"line":19,"column":10},"end":{"line":19,"column":39}},"type":"binary-expr","locations":[{"start":{"line":19,"column":10},"end":{"line":19,"column":18}},{"start":{"line":19,"column":22},"end":{"line":19,"column":39}}],"line":19},"4":{"loc":{"start":{"line":36,"column":2},"end":{"line":38,"column":null}},"type":"if","locations":[{"start":{"line":36,"column":2},"end":{"line":38,"column":null}},{"start":{},"end":{}}],"line":36},"5":{"loc":{"start":{"line":40,"column":2},"end":{"line":42,"column":null}},"type":"if","locations":[{"start":{"line":40,"column":2},"end":{"line":42,"column":null}},{"start":{},"end":{}}],"line":40}},"s":{"0":1,"1":0,"2":0,"3":0,"4":0,"5":0,"6":0,"7":0,"8":0,"9":0,"10":0,"11":0,"12":1,"13":0,"14":0,"15":0,"16":0,"17":0},"f":{"0":0,"1":0},"b":{"0":[0,0],"1":[0,0],"2":[0,0],"3":[0,0],"4":[0,0],"5":[0,0]},"meta":{"lastBranch":6,"lastFunction":2,"lastStatement":18,"seen":{"s:4:23:33:1":0,"f:4:23:4:28":0,"b:7:2:31:Infinity:undefined:undefined:undefined:undefined":0,"s:7:2:31:Infinity":1,"b:8:4:8:29:9:4:9:Infinity":1,"s:11:4:30:Infinity":2,"s:12:6:12:Infinity":3,"s:14:22:14:63":4,"s:16:6:16:Infinity":5,"b:19:6:24:Infinity:undefined:undefined:undefined:undefined":2,"s:19:6:24:Infinity":6,"b:19:10:19:18:19:22:19:39":3,"s:20:8:23:Infinity":7,"s:26:6:26:Infinity":8,"s:28:6:28:Infinity":9,"s:29:6:29:Infinity":10,"s:32:2:32:Infinity":11,"s:35:21:45:1":12,"f:35:21:35:26":1,"b:36:2:38:Infinity:undefined:undefined:undefined:undefined":4,"s:36:2:38:Infinity":13,"s:37:4:37:Infinity":14,"b:40:2:42:Infinity:undefined:undefined:undefined:undefined":5,"s:40:2:42:Infinity":15,"s:41:4:41:Infinity":16,"s:44:2:44:Infinity":17}}}
,"/Users/noryan/Desktop/team_14_cm6311_project/backend/middleware/upload.js": {"path":"/Users/noryan/Desktop/team_14_cm6311_project/backend/middleware/upload.js","statementMap":{"0":{"start":{"line":6,"column":18},"end":{"line":6,"column":49}},"1":{"start":{"line":7,"column":18},"end":{"line":7,"column":42}},"2":{"start":{"line":10,"column":19},"end":{"line":10,"column":56}},"3":{"start":{"line":11,"column":0},"end":{"line":13,"column":null}},"4":{"start":{"line":12,"column":2},"end":{"line":12,"column":null}},"5":{"start":{"line":16,"column":16},"end":{"line":24,"column":2}},"6":{"start":{"line":18,"column":4},"end":{"line":18,"column":null}},"7":{"start":{"line":21,"column":25},"end":{"line":21,"column":75}},"8":{"start":{"line":22,"column":4},"end":{"line":22,"column":null}},"9":{"start":{"line":27,"column":19},"end":{"line":37,"column":1}},"10":{"start":{"line":28,"column":23},"end":{"line":28,"column":46}},"11":{"start":{"line":29,"column":18},"end":{"line":29,"column":82}},"12":{"start":{"line":30,"column":19},"end":{"line":30,"column":51}},"13":{"start":{"line":32,"column":2},"end":{"line":36,"column":null}},"14":{"start":{"line":33,"column":4},"end":{"line":33,"column":null}},"15":{"start":{"line":35,"column":4},"end":{"line":35,"column":null}},"16":{"start":{"line":39,"column":14},"end":{"line":45,"column":2}}},"fnMap":{"0":{"name":"(anonymous_0)","decl":{"start":{"line":17,"column":15},"end":{"line":17,"column":16}},"loc":{"start":{"line":17,"column":34},"end":{"line":19,"column":3}},"line":17},"1":{"name":"(anonymous_1)","decl":{"start":{"line":20,"column":12},"end":{"line":20,"column":13}},"loc":{"start":{"line":20,"column":31},"end":{"line":23,"column":3}},"line":20},"2":{"name":"(anonymous_2)","decl":{"start":{"line":27,"column":19},"end":{"line":27,"column":20}},"loc":{"start":{"line":27,"column":38},"end":{"line":37,"column":1}},"line":27}},"branchMap":{"0":{"loc":{"start":{"line":11,"column":0},"end":{"line":13,"column":null}},"type":"if","locations":[{"start":{"line":11,"column":0},"end":{"line":13,"column":null}},{"start":{},"end":{}}],"line":11},"1":{"loc":{"start":{"line":32,"column":2},"end":{"line":36,"column":null}},"type":"if","locations":[{"start":{"line":32,"column":2},"end":{"line":36,"column":null}},{"start":{"line":34,"column":9},"end":{"line":36,"column":null}}],"line":32},"2":{"loc":{"start":{"line":32,"column":6},"end":{"line":32,"column":25}},"type":"binary-expr","locations":[{"start":{"line":32,"column":6},"end":{"line":32,"column":14}},{"start":{"line":32,"column":18},"end":{"line":32,"column":25}}],"line":32}},"s":{"0":1,"1":1,"2":1,"3":1,"4":0,"5":1,"6":0,"7":0,"8":0,"9":1,"10":0,"11":0,"12":0,"13":0,"14":0,"15":0,"16":1},"f":{"0":0,"1":0,"2":0},"b":{"0":[0,1],"1":[0,0],"2":[0,0]},"meta":{"lastBranch":3,"lastFunction":3,"lastStatement":17,"seen":{"s:6:18:6:49":0,"s:7:18:7:42":1,"s:10:19:10:56":2,"b:11:0:13:Infinity:undefined:undefined:undefined:undefined":0,"s:11:0:13:Infinity":3,"s:12:2:12:Infinity":4,"s:16:16:24:2":5,"f:17:15:17:16":0,"s:18:4:18:Infinity":6,"f:20:12:20:13":1,"s:21:25:21:75":7,"s:22:4:22:Infinity":8,"s:27:19:37:1":9,"f:27:19:27:20":2,"s:28:23:28:46":10,"s:29:18:29:82":11,"s:30:19:30:51":12,"b:32:2:36:Infinity:34:9:36:Infinity":1,"s:32:2:36:Infinity":13,"b:32:6:32:14:32:18:32:25":2,"s:33:4:33:Infinity":14,"s:35:4:35:Infinity":15,"s:39:14:45:2":16}}}
,"/Users/noryan/Desktop/team_14_cm6311_project/backend/models/Game.js": {"path":"/Users/noryan/Desktop/team_14_cm6311_project/backend/models/Game.js","statementMap":{"0":{"start":{"line":3,"column":19},"end":{"line":18,"column":24}},"1":{"start":{"line":20,"column":13},"end":{"line":20,"column":47}}},"fnMap":{},"branchMap":{},"s":{"0":1,"1":1},"f":{},"b":{},"meta":{"lastBranch":0,"lastFunction":0,"lastStatement":2,"seen":{"s:3:19:18:24":0,"s:20:13:20:47":1}}}
,"/Users/noryan/Desktop/team_14_cm6311_project/backend/models/GameRequest.js": {"path":"/Users/noryan/Desktop/team_14_cm6311_project/backend/models/GameRequest.js","statementMap":{"0":{"start":{"line":3,"column":26},"end":{"line":36,"column":24}},"1":{"start":{"line":38,"column":20},"end":{"line":38,"column":68}}},"fnMap":{},"branchMap":{},"s":{"0":0,"1":0},"f":{},"b":{},"meta":{"lastBranch":0,"lastFunction":0,"lastStatement":2,"seen":{"s:3:26:36:24":0,"s:38:20:38:68":1}}}
,"/Users/noryan/Desktop/team_14_cm6311_project/backend/models/Review.js": {"path":"/Users/noryan/Desktop/team_14_cm6311_project/backend/models/Review.js","statementMap":{"0":{"start":{"line":3,"column":21},"end":{"line":23,"column":24}},"1":{"start":{"line":26,"column":0},"end":{"line":26,"column":null}},"2":{"start":{"line":28,"column":15},"end":{"line":28,"column":53}}},"fnMap":{},"branchMap":{},"s":{"0":0,"1":0,"2":0},"f":{},"b":{},"meta":{"lastBranch":0,"lastFunction":0,"lastStatement":3,"seen":{"s:3:21:23:24":0,"s:26:0:26:Infinity":1,"s:28:15:28:53":2}}}
,"/Users/noryan/Desktop/team_14_cm6311_project/backend/models/User.js": {"path":"/Users/noryan/Desktop/team_14_cm6311_project/backend/models/User.js","statementMap":{"0":{"start":{"line":6,"column":19},"end":{"line":32,"column":23}},"1":{"start":{"line":35,"column":0},"end":{"line":60,"column":null}},"2":{"start":{"line":36,"column":4},"end":{"line":45,"column":null}},"3":{"start":{"line":37,"column":8},"end":{"line":44,"column":null}},"4":{"start":{"line":47,"column":4},"end":{"line":49,"column":null}},"5":{"start":{"line":48,"column":8},"end":{"line":48,"column":null}},"6":{"start":{"line":50,"column":4},"end":{"line":52,"column":null}},"7":{"start":{"line":51,"column":8},"end":{"line":51,"column":null}},"8":{"start":{"line":53,"column":4},"end":{"line":55,"column":null}},"9":{"start":{"line":54,"column":8},"end":{"line":54,"column":null}},"10":{"start":{"line":56,"column":4},"end":{"line":58,"column":null}},"11":{"start":{"line":57,"column":8},"end":{"line":57,"column":null}},"12":{"start":{"line":59,"column":4},"end":{"line":59,"column":null}},"13":{"start":{"line":63,"column":0},"end":{"line":68,"column":null}},"14":{"start":{"line":64,"column":4},"end":{"line":64,"column":null}},"15":{"start":{"line":64,"column":38},"end":{"line":64,"column":null}},"16":{"start":{"line":65,"column":17},"end":{"line":65,"column":41}},"17":{"start":{"line":66,"column":4},"end":{"line":66,"column":null}},"18":{"start":{"line":67,"column":4},"end":{"line":67,"column":null}},"19":{"start":{"line":70,"column":0},"end":{"line":72,"column":null}},"20":{"start":{"line":71,"column":4},"end":{"line":71,"column":null}},"21":{"start":{"line":75,"column":0},"end":{"line":89,"column":null}},"22":{"start":{"line":77,"column":23},"end":{"line":77,"column":61}},"23":{"start":{"line":80,"column":4},"end":{"line":83,"column":null}},"24":{"start":{"line":86,"column":4},"end":{"line":86,"column":null}},"25":{"start":{"line":88,"column":4},"end":{"line":88,"column":null}},"26":{"start":{"line":91,"column":13},"end":{"line":91,"column":47}}},"fnMap":{"0":{"name":"(anonymous_0)","decl":{"start":{"line":35,"column":23},"end":{"line":35,"column":31}},"loc":{"start":{"line":35,"column":38},"end":{"line":60,"column":1}},"line":35},"1":{"name":"(anonymous_1)","decl":{"start":{"line":63,"column":23},"end":{"line":63,"column":28}},"loc":{"start":{"line":63,"column":43},"end":{"line":68,"column":1}},"line":63},"2":{"name":"(anonymous_2)","decl":{"start":{"line":70,"column":35},"end":{"line":70,"column":40}},"loc":{"start":{"line":70,"column":67},"end":{"line":72,"column":null}},"line":70},"3":{"name":"(anonymous_3)","decl":{"start":{"line":75,"column":43},"end":{"line":75,"column":51}},"loc":{"start":{"line":75,"column":54},"end":{"line":89,"column":null}},"line":75}},"branchMap":{"0":{"loc":{"start":{"line":36,"column":4},"end":{"line":45,"column":null}},"type":"if","locations":[{"start":{"line":36,"column":4},"end":{"line":45,"column":null}},{"start":{},"end":{}}],"line":36},"1":{"loc":{"start":{"line":47,"column":4},"end":{"line":49,"column":null}},"type":"if","locations":[{"start":{"line":47,"column":4},"end":{"line":49,"column":null}},{"start":{},"end":{}}],"line":47},"2":{"loc":{"start":{"line":50,"column":4},"end":{"line":52,"column":null}},"type":"if","locations":[{"start":{"line":50,"column":4},"end":{"line":52,"column":null}},{"start":{},"end":{}}],"line":50},"3":{"loc":{"start":{"line":53,"column":4},"end":{"line":55,"column":null}},"type":"if","locations":[{"start":{"line":53,"column":4},"end":{"line":55,"column":null}},{"start":{},"end":{}}],"line":53},"4":{"loc":{"start":{"line":56,"column":4},"end":{"line":58,"column":null}},"type":"if","locations":[{"start":{"line":56,"column":4},"end":{"line":58,"column":null}},{"start":{},"end":{}}],"line":56},"5":{"loc":{"start":{"line":64,"column":4},"end":{"line":64,"column":null}},"type":"if","locations":[{"start":{"line":64,"column":4},"end":{"line":64,"column":null}},{"start":{},"end":{}}],"line":64}},"s":{"0":3,"1":3,"2":0,"3":0,"4":0,"5":0,"6":0,"7":0,"8":0,"9":0,"10":0,"11":0,"12":0,"13":3,"14":0,"15":0,"16":0,"17":0,"18":0,"19":3,"20":0,"21":3,"22":0,"23":0,"24":0,"25":0,"26":3},"f":{"0":0,"1":0,"2":0,"3":0},"b":{"0":[0,0],"1":[0,0],"2":[0,0],"3":[0,0],"4":[0,0],"5":[0,0]},"meta":{"lastBranch":6,"lastFunction":4,"lastStatement":27,"seen":{"s:6:19:32:23":0,"s:35:0:60:Infinity":1,"f:35:23:35:31":0,"b:36:4:45:Infinity:undefined:undefined:undefined:undefined":0,"s:36:4:45:Infinity":2,"s:37:8:44:Infinity":3,"b:47:4:49:Infinity:undefined:undefined:undefined:undefined":1,"s:47:4:49:Infinity":4,"s:48:8:48:Infinity":5,"b:50:4:52:Infinity:undefined:undefined:undefined:undefined":2,"s:50:4:52:Infinity":6,"s:51:8:51:Infinity":7,"b:53:4:55:Infinity:undefined:undefined:undefined:undefined":3,"s:53:4:55:Infinity":8,"s:54:8:54:Infinity":9,"b:56:4:58:Infinity:undefined:undefined:undefined:undefined":4,"s:56:4:58:Infinity":10,"s:57:8:57:Infinity":11,"s:59:4:59:Infinity":12,"s:63:0:68:Infinity":13,"f:63:23:63:28":1,"b:64:4:64:Infinity:undefined:undefined:undefined:undefined":5,"s:64:4:64:Infinity":14,"s:64:38:64:Infinity":15,"s:65:17:65:41":16,"s:66:4:66:Infinity":17,"s:67:4:67:Infinity":18,"s:70:0:72:Infinity":19,"f:70:35:70:40":2,"s:71:4:71:Infinity":20,"s:75:0:89:Infinity":21,"f:75:43:75:51":3,"s:77:23:77:61":22,"s:80:4:83:Infinity":23,"s:86:4:86:Infinity":24,"s:88:4:88:Infinity":25,"s:91:13:91:47":26}}}
,"/Users/noryan/Desktop/team_14_cm6311_project/backend/routes/auth.js": {"path":"/Users/noryan/Desktop/team_14_cm6311_project/backend/routes/auth.js","statementMap":{"0":{"start":{"line":16,"column":6},"end":{"line":16,"column":null}},"1":{"start":{"line":17,"column":18},"end":{"line":17,"column":null}},"2":{"start":{"line":19,"column":15},"end":{"line":19,"column":null}},"3":{"start":{"line":22,"column":0},"end":{"line":35,"column":null}},"4":{"start":{"line":23,"column":2},"end":{"line":23,"column":null}},"5":{"start":{"line":24,"column":2},"end":{"line":34,"column":null}},"6":{"start":{"line":38,"column":0},"end":{"line":68,"column":null}},"7":{"start":{"line":39,"column":40},"end":{"line":39,"column":null}},"8":{"start":{"line":40,"column":2},"end":{"line":67,"column":null}},"9":{"start":{"line":41,"column":4},"end":{"line":43,"column":null}},"10":{"start":{"line":42,"column":6},"end":{"line":42,"column":null}},"11":{"start":{"line":45,"column":23},"end":{"line":45,"column":null}},"12":{"start":{"line":46,"column":4},"end":{"line":54,"column":null}},"13":{"start":{"line":48,"column":6},"end":{"line":52,"column":null}},"14":{"start":{"line":49,"column":8},"end":{"line":51,"column":null}},"15":{"start":{"line":53,"column":6},"end":{"line":53,"column":null}},"16":{"start":{"line":56,"column":17},"end":{"line":56,"column":null}},"17":{"start":{"line":57,"column":18},"end":{"line":57,"column":null}},"18":{"start":{"line":58,"column":4},"end":{"line":64,"column":null}},"19":{"start":{"line":66,"column":4},"end":{"line":66,"column":null}},"20":{"start":{"line":71,"column":0},"end":{"line":111,"column":null}},"21":{"start":{"line":72,"column":30},"end":{"line":72,"column":null}},"22":{"start":{"line":73,"column":2},"end":{"line":110,"column":null}},"23":{"start":{"line":74,"column":4},"end":{"line":76,"column":null}},"24":{"start":{"line":75,"column":6},"end":{"line":75,"column":null}},"25":{"start":{"line":77,"column":17},"end":{"line":77,"column":null}},"26":{"start":{"line":79,"column":4},"end":{"line":81,"column":null}},"27":{"start":{"line":80,"column":6},"end":{"line":80,"column":null}},"28":{"start":{"line":84,"column":4},"end":{"line":88,"column":null}},"29":{"start":{"line":85,"column":6},"end":{"line":87,"column":null}},"30":{"start":{"line":90,"column":4},"end":{"line":92,"column":null}},"31":{"start":{"line":91,"column":6},"end":{"line":91,"column":null}},"32":{"start":{"line":95,"column":4},"end":{"line":97,"column":null}},"33":{"start":{"line":96,"column":6},"end":{"line":96,"column":null}},"34":{"start":{"line":99,"column":18},"end":{"line":99,"column":null}},"35":{"start":{"line":100,"column":4},"end":{"line":106,"column":null}},"36":{"start":{"line":108,"column":4},"end":{"line":108,"column":null}},"37":{"start":{"line":109,"column":4},"end":{"line":109,"column":null}},"38":{"start":{"line":114,"column":25},"end":{"line":120,"column":null}},"39":{"start":{"line":115,"column":2},"end":{"line":118,"column":null}},"40":{"start":{"line":116,"column":24},"end":{"line":116,"column":null}},"41":{"start":{"line":117,"column":4},"end":{"line":117,"column":null}},"42":{"start":{"line":119,"column":2},"end":{"line":119,"column":null}},"43":{"start":{"line":123,"column":0},"end":{"line":123,"column":null}},"44":{"start":{"line":126,"column":0},"end":{"line":150,"column":null}},"45":{"start":{"line":131,"column":4},"end":{"line":148,"column":null}},"46":{"start":{"line":132,"column":19},"end":{"line":132,"column":null}},"47":{"start":{"line":135,"column":6},"end":{"line":137,"column":null}},"48":{"start":{"line":136,"column":8},"end":{"line":136,"column":null}},"49":{"start":{"line":140,"column":20},"end":{"line":140,"column":null}},"50":{"start":{"line":143,"column":26},"end":{"line":143,"column":null}},"51":{"start":{"line":144,"column":6},"end":{"line":144,"column":null}},"52":{"start":{"line":146,"column":6},"end":{"line":146,"column":null}},"53":{"start":{"line":147,"column":6},"end":{"line":147,"column":null}},"54":{"start":{"line":153,"column":0},"end":{"line":182,"column":null}},"55":{"start":{"line":154,"column":2},"end":{"line":181,"column":null}},"56":{"start":{"line":156,"column":17},"end":{"line":156,"column":null}},"57":{"start":{"line":159,"column":4},"end":{"line":164,"column":null}},"58":{"start":{"line":160,"column":6},"end":{"line":163,"column":null}},"59":{"start":{"line":166,"column":4},"end":{"line":176,"column":null}},"60":{"start":{"line":167,"column":6},"end":{"line":174,"column":null}},"61":{"start":{"line":175,"column":6},"end":{"line":175,"column":null}},"62":{"start":{"line":177,"column":4},"end":{"line":177,"column":null}},"63":{"start":{"line":179,"column":4},"end":{"line":179,"column":null}},"64":{"start":{"line":180,"column":4},"end":{"line":180,"column":null}},"65":{"start":{"line":185,"column":0},"end":{"line":260,"column":null}},"66":{"start":{"line":186,"column":2},"end":{"line":259,"column":null}},"67":{"start":{"line":187,"column":4},"end":{"line":187,"column":null}},"68":{"start":{"line":188,"column":63},"end":{"line":188,"column":null}},"69":{"start":{"line":189,"column":4},"end":{"line":189,"column":null}},"70":{"start":{"line":191,"column":17},"end":{"line":191,"column":null}},"71":{"start":{"line":193,"column":4},"end":{"line":196,"column":null}},"72":{"start":{"line":194,"column":6},"end":{"line":194,"column":null}},"73":{"start":{"line":195,"column":6},"end":{"line":195,"column":null}},"74":{"start":{"line":199,"column":4},"end":{"line":210,"column":null}},"75":{"start":{"line":200,"column":6},"end":{"line":207,"column":null}},"76":{"start":{"line":202,"column":31},"end":{"line":202,"column":null}},"77":{"start":{"line":203,"column":8},"end":{"line":205,"column":null}},"78":{"start":{"line":204,"column":10},"end":{"line":204,"column":null}},"79":{"start":{"line":206,"column":8},"end":{"line":206,"column":null}},"80":{"start":{"line":208,"column":4},"end":{"line":210,"column":null}},"81":{"start":{"line":209,"column":6},"end":{"line":209,"column":null}},"82":{"start":{"line":213,"column":4},"end":{"line":215,"column":null}},"83":{"start":{"line":214,"column":6},"end":{"line":214,"column":null}},"84":{"start":{"line":218,"column":4},"end":{"line":220,"column":null}},"85":{"start":{"line":219,"column":6},"end":{"line":219,"column":null}},"86":{"start":{"line":223,"column":4},"end":{"line":232,"column":null}},"87":{"start":{"line":224,"column":6},"end":{"line":231,"column":null}},"88":{"start":{"line":235,"column":4},"end":{"line":242,"column":null}},"89":{"start":{"line":236,"column":6},"end":{"line":236,"column":null}},"90":{"start":{"line":236,"column":47},"end":{"line":236,"column":null}},"91":{"start":{"line":237,"column":6},"end":{"line":237,"column":null}},"92":{"start":{"line":237,"column":50},"end":{"line":237,"column":null}},"93":{"start":{"line":238,"column":6},"end":{"line":238,"column":null}},"94":{"start":{"line":238,"column":60},"end":{"line":238,"column":null}},"95":{"start":{"line":239,"column":6},"end":{"line":239,"column":null}},"96":{"start":{"line":239,"column":50},"end":{"line":239,"column":null}},"97":{"start":{"line":240,"column":6},"end":{"line":240,"column":null}},"98":{"start":{"line":240,"column":51},"end":{"line":240,"column":null}},"99":{"start":{"line":241,"column":6},"end":{"line":241,"column":null}},"100":{"start":{"line":241,"column":50},"end":{"line":241,"column":null}},"101":{"start":{"line":244,"column":24},"end":{"line":244,"column":null}},"102":{"start":{"line":245,"column":4},"end":{"line":245,"column":null}},"103":{"start":{"line":246,"column":4},"end":{"line":246,"column":null}},"104":{"start":{"line":248,"column":4},"end":{"line":248,"column":null}},"105":{"start":{"line":250,"column":4},"end":{"line":253,"column":null}},"106":{"start":{"line":251,"column":28},"end":{"line":251,"column":null}},"107":{"start":{"line":251,"column":63},"end":{"line":251,"column":72}},"108":{"start":{"line":252,"column":6},"end":{"line":252,"column":null}},"109":{"start":{"line":254,"column":4},"end":{"line":257,"column":null}},"110":{"start":{"line":255,"column":20},"end":{"line":255,"column":null}},"111":{"start":{"line":256,"column":6},"end":{"line":256,"column":null}},"112":{"start":{"line":258,"column":4},"end":{"line":258,"column":null}},"113":{"start":{"line":263,"column":0},"end":{"line":301,"column":null}},"114":{"start":{"line":264,"column":2},"end":{"line":300,"column":null}},"115":{"start":{"line":265,"column":4},"end":{"line":267,"column":null}},"116":{"start":{"line":266,"column":6},"end":{"line":266,"column":null}},"117":{"start":{"line":269,"column":17},"end":{"line":269,"column":null}},"118":{"start":{"line":270,"column":4},"end":{"line":274,"column":null}},"119":{"start":{"line":272,"column":6},"end":{"line":272,"column":null}},"120":{"start":{"line":273,"column":6},"end":{"line":273,"column":null}},"121":{"start":{"line":277,"column":4},"end":{"line":282,"column":null}},"122":{"start":{"line":278,"column":26},"end":{"line":278,"column":null}},"123":{"start":{"line":279,"column":6},"end":{"line":281,"column":null}},"124":{"start":{"line":280,"column":8},"end":{"line":280,"column":null}},"125":{"start":{"line":285,"column":21},"end":{"line":285,"column":null}},"126":{"start":{"line":286,"column":4},"end":{"line":286,"column":null}},"127":{"start":{"line":287,"column":4},"end":{"line":287,"column":null}},"128":{"start":{"line":289,"column":4},"end":{"line":292,"column":null}},"129":{"start":{"line":294,"column":4},"end":{"line":294,"column":null}},"130":{"start":{"line":296,"column":4},"end":{"line":298,"column":null}},"131":{"start":{"line":297,"column":6},"end":{"line":297,"column":null}},"132":{"start":{"line":299,"column":4},"end":{"line":299,"column":null}},"133":{"start":{"line":304,"column":0},"end":{"line":316,"column":null}},"134":{"start":{"line":305,"column":2},"end":{"line":315,"column":null}},"135":{"start":{"line":306,"column":18},"end":{"line":309,"column":null}},"136":{"start":{"line":311,"column":4},"end":{"line":311,"column":null}},"137":{"start":{"line":313,"column":4},"end":{"line":313,"column":null}},"138":{"start":{"line":314,"column":4},"end":{"line":314,"column":null}},"139":{"start":{"line":319,"column":0},"end":{"line":352,"column":null}},"140":{"start":{"line":320,"column":2},"end":{"line":351,"column":null}},"141":{"start":{"line":321,"column":18},"end":{"line":321,"column":null}},"142":{"start":{"line":324,"column":4},"end":{"line":331,"column":null}},"143":{"start":{"line":325,"column":20},"end":{"line":329,"column":null}},"144":{"start":{"line":330,"column":6},"end":{"line":330,"column":null}},"145":{"start":{"line":333,"column":4},"end":{"line":335,"column":null}},"146":{"start":{"line":334,"column":6},"end":{"line":334,"column":null}},"147":{"start":{"line":337,"column":18},"end":{"line":345,"column":null}},"148":{"start":{"line":347,"column":4},"end":{"line":347,"column":null}},"149":{"start":{"line":349,"column":4},"end":{"line":349,"column":null}},"150":{"start":{"line":350,"column":4},"end":{"line":350,"column":null}},"151":{"start":{"line":355,"column":0},"end":{"line":376,"column":null}},"152":{"start":{"line":356,"column":2},"end":{"line":375,"column":null}},"153":{"start":{"line":357,"column":4},"end":{"line":357,"column":null}},"154":{"start":{"line":358,"column":17},"end":{"line":361,"column":null}},"155":{"start":{"line":363,"column":4},"end":{"line":365,"column":null}},"156":{"start":{"line":364,"column":6},"end":{"line":364,"column":null}},"157":{"start":{"line":367,"column":4},"end":{"line":371,"column":null}},"158":{"start":{"line":373,"column":4},"end":{"line":373,"column":null}},"159":{"start":{"line":374,"column":4},"end":{"line":374,"column":null}},"160":{"start":{"line":379,"column":0},"end":{"line":421,"column":null}},"161":{"start":{"line":380,"column":2},"end":{"line":420,"column":null}},"162":{"start":{"line":381,"column":25},"end":{"line":381,"column":null}},"163":{"start":{"line":382,"column":24},"end":{"line":382,"column":null}},"164":{"start":{"line":383,"column":23},"end":{"line":383,"column":null}},"165":{"start":{"line":385,"column":4},"end":{"line":387,"column":null}},"166":{"start":{"line":386,"column":6},"end":{"line":386,"column":null}},"167":{"start":{"line":389,"column":4},"end":{"line":391,"column":null}},"168":{"start":{"line":390,"column":6},"end":{"line":390,"column":null}},"169":{"start":{"line":394,"column":4},"end":{"line":396,"column":null}},"170":{"start":{"line":395,"column":6},"end":{"line":395,"column":null}},"171":{"start":{"line":399,"column":4},"end":{"line":401,"column":null}},"172":{"start":{"line":400,"column":6},"end":{"line":400,"column":null}},"173":{"start":{"line":404,"column":4},"end":{"line":406,"column":null}},"174":{"start":{"line":405,"column":6},"end":{"line":405,"column":null}},"175":{"start":{"line":409,"column":4},"end":{"line":409,"column":null}},"176":{"start":{"line":410,"column":4},"end":{"line":410,"column":null}},"177":{"start":{"line":413,"column":4},"end":{"line":413,"column":null}},"178":{"start":{"line":414,"column":4},"end":{"line":414,"column":null}},"179":{"start":{"line":416,"column":4},"end":{"line":416,"column":null}},"180":{"start":{"line":418,"column":4},"end":{"line":418,"column":null}},"181":{"start":{"line":419,"column":4},"end":{"line":419,"column":null}},"182":{"start":{"line":424,"column":0},"end":{"line":464,"column":null}},"183":{"start":{"line":425,"column":2},"end":{"line":463,"column":null}},"184":{"start":{"line":426,"column":25},"end":{"line":426,"column":null}},"185":{"start":{"line":427,"column":24},"end":{"line":427,"column":null}},"186":{"start":{"line":428,"column":23},"end":{"line":428,"column":null}},"187":{"start":{"line":430,"column":4},"end":{"line":432,"column":null}},"188":{"start":{"line":431,"column":6},"end":{"line":431,"column":null}},"189":{"start":{"line":435,"column":4},"end":{"line":437,"column":null}},"190":{"start":{"line":436,"column":6},"end":{"line":436,"column":null}},"191":{"start":{"line":440,"column":4},"end":{"line":442,"column":null}},"192":{"start":{"line":441,"column":12},"end":{"line":441,"column":null}},"193":{"start":{"line":444,"column":4},"end":{"line":446,"column":null}},"194":{"start":{"line":445,"column":6},"end":{"line":445,"column":null}},"195":{"start":{"line":447,"column":4},"end":{"line":447,"column":null}},"196":{"start":{"line":450,"column":4},"end":{"line":452,"column":null}},"197":{"start":{"line":451,"column":12},"end":{"line":451,"column":null}},"198":{"start":{"line":454,"column":4},"end":{"line":456,"column":null}},"199":{"start":{"line":455,"column":6},"end":{"line":455,"column":null}},"200":{"start":{"line":457,"column":4},"end":{"line":457,"column":null}},"201":{"start":{"line":459,"column":4},"end":{"line":459,"column":null}},"202":{"start":{"line":461,"column":4},"end":{"line":461,"column":null}},"203":{"start":{"line":462,"column":4},"end":{"line":462,"column":null}},"204":{"start":{"line":467,"column":0},"end":{"line":494,"column":null}},"205":{"start":{"line":468,"column":2},"end":{"line":493,"column":null}},"206":{"start":{"line":469,"column":25},"end":{"line":469,"column":null}},"207":{"start":{"line":470,"column":24},"end":{"line":470,"column":null}},"208":{"start":{"line":471,"column":23},"end":{"line":471,"column":null}},"209":{"start":{"line":473,"column":4},"end":{"line":475,"column":null}},"210":{"start":{"line":474,"column":6},"end":{"line":474,"column":null}},"211":{"start":{"line":478,"column":4},"end":{"line":480,"column":null}},"212":{"start":{"line":479,"column":12},"end":{"line":479,"column":null}},"213":{"start":{"line":481,"column":4},"end":{"line":481,"column":null}},"214":{"start":{"line":484,"column":4},"end":{"line":486,"column":null}},"215":{"start":{"line":485,"column":12},"end":{"line":485,"column":null}},"216":{"start":{"line":487,"column":4},"end":{"line":487,"column":null}},"217":{"start":{"line":489,"column":4},"end":{"line":489,"column":null}},"218":{"start":{"line":491,"column":4},"end":{"line":491,"column":null}},"219":{"start":{"line":492,"column":4},"end":{"line":492,"column":null}},"220":{"start":{"line":497,"column":0},"end":{"line":524,"column":null}},"221":{"start":{"line":498,"column":2},"end":{"line":523,"column":null}},"222":{"start":{"line":499,"column":25},"end":{"line":499,"column":null}},"223":{"start":{"line":500,"column":24},"end":{"line":500,"column":null}},"224":{"start":{"line":501,"column":23},"end":{"line":501,"column":null}},"225":{"start":{"line":503,"column":4},"end":{"line":505,"column":null}},"226":{"start":{"line":504,"column":6},"end":{"line":504,"column":null}},"227":{"start":{"line":508,"column":4},"end":{"line":510,"column":null}},"228":{"start":{"line":509,"column":12},"end":{"line":509,"column":null}},"229":{"start":{"line":511,"column":4},"end":{"line":511,"column":null}},"230":{"start":{"line":514,"column":4},"end":{"line":516,"column":null}},"231":{"start":{"line":515,"column":12},"end":{"line":515,"column":null}},"232":{"start":{"line":517,"column":4},"end":{"line":517,"column":null}},"233":{"start":{"line":519,"column":4},"end":{"line":519,"column":null}},"234":{"start":{"line":521,"column":4},"end":{"line":521,"column":null}},"235":{"start":{"line":522,"column":4},"end":{"line":522,"column":null}},"236":{"start":{"line":527,"column":0},"end":{"line":547,"column":null}},"237":{"start":{"line":528,"column":2},"end":{"line":546,"column":null}},"238":{"start":{"line":529,"column":17},"end":{"line":529,"column":null}},"239":{"start":{"line":531,"column":4},"end":{"line":533,"column":null}},"240":{"start":{"line":532,"column":6},"end":{"line":532,"column":null}},"241":{"start":{"line":536,"column":4},"end":{"line":536,"column":null}},"242":{"start":{"line":538,"column":4},"end":{"line":538,"column":null}},"243":{"start":{"line":540,"column":4},"end":{"line":540,"column":null}},"244":{"start":{"line":541,"column":4},"end":{"line":541,"column":null}},"245":{"start":{"line":542,"column":4},"end":{"line":545,"column":null}},"246":{"start":{"line":550,"column":0},"end":{"line":597,"column":null}},"247":{"start":{"line":551,"column":2},"end":{"line":596,"column":null}},"248":{"start":{"line":552,"column":23},"end":{"line":552,"column":null}},"249":{"start":{"line":555,"column":4},"end":{"line":557,"column":null}},"250":{"start":{"line":556,"column":6},"end":{"line":556,"column":null}},"251":{"start":{"line":560,"column":17},"end":{"line":560,"column":null}},"252":{"start":{"line":561,"column":4},"end":{"line":563,"column":null}},"253":{"start":{"line":562,"column":6},"end":{"line":562,"column":null}},"254":{"start":{"line":565,"column":17},"end":{"line":565,"column":null}},"255":{"start":{"line":566,"column":4},"end":{"line":568,"column":null}},"256":{"start":{"line":567,"column":6},"end":{"line":567,"column":null}},"257":{"start":{"line":571,"column":30},"end":{"line":573,"column":null}},"258":{"start":{"line":572,"column":15},"end":{"line":572,"column":null}},"259":{"start":{"line":574,"column":4},"end":{"line":576,"column":null}},"260":{"start":{"line":575,"column":6},"end":{"line":575,"column":null}},"261":{"start":{"line":579,"column":4},"end":{"line":579,"column":null}},"262":{"start":{"line":580,"column":4},"end":{"line":580,"column":null}},"263":{"start":{"line":583,"column":4},"end":{"line":583,"column":null}},"264":{"start":{"line":585,"column":4},"end":{"line":588,"column":null}},"265":{"start":{"line":590,"column":4},"end":{"line":590,"column":null}},"266":{"start":{"line":591,"column":4},"end":{"line":591,"column":null}},"267":{"start":{"line":592,"column":4},"end":{"line":595,"column":null}},"268":{"start":{"line":600,"column":0},"end":{"line":640,"column":null}},"269":{"start":{"line":601,"column":2},"end":{"line":639,"column":null}},"270":{"start":{"line":602,"column":23},"end":{"line":602,"column":null}},"271":{"start":{"line":605,"column":4},"end":{"line":607,"column":null}},"272":{"start":{"line":606,"column":6},"end":{"line":606,"column":null}},"273":{"start":{"line":609,"column":17},"end":{"line":609,"column":null}},"274":{"start":{"line":610,"column":4},"end":{"line":612,"column":null}},"275":{"start":{"line":611,"column":6},"end":{"line":611,"column":null}},"276":{"start":{"line":615,"column":26},"end":{"line":617,"column":null}},"277":{"start":{"line":616,"column":15},"end":{"line":616,"column":null}},"278":{"start":{"line":618,"column":4},"end":{"line":620,"column":null}},"279":{"start":{"line":619,"column":6},"end":{"line":619,"column":null}},"280":{"start":{"line":623,"column":4},"end":{"line":625,"column":null}},"281":{"start":{"line":624,"column":12},"end":{"line":624,"column":null}},"282":{"start":{"line":626,"column":4},"end":{"line":626,"column":null}},"283":{"start":{"line":628,"column":4},"end":{"line":631,"column":null}},"284":{"start":{"line":633,"column":4},"end":{"line":633,"column":null}},"285":{"start":{"line":634,"column":4},"end":{"line":634,"column":null}},"286":{"start":{"line":635,"column":4},"end":{"line":638,"column":null}},"287":{"start":{"line":643,"column":0},"end":{"line":747,"column":null}},"288":{"start":{"line":644,"column":2},"end":{"line":746,"column":null}},"289":{"start":{"line":645,"column":22},"end":{"line":645,"column":null}},"290":{"start":{"line":647,"column":4},"end":{"line":649,"column":null}},"291":{"start":{"line":648,"column":6},"end":{"line":648,"column":null}},"292":{"start":{"line":651,"column":17},"end":{"line":651,"column":null}},"293":{"start":{"line":653,"column":4},"end":{"line":658,"column":null}},"294":{"start":{"line":655,"column":6},"end":{"line":657,"column":null}},"295":{"start":{"line":661,"column":4},"end":{"line":666,"column":null}},"296":{"start":{"line":663,"column":6},"end":{"line":665,"column":null}},"297":{"start":{"line":669,"column":4},"end":{"line":674,"column":null}},"298":{"start":{"line":670,"column":6},"end":{"line":670,"column":null}},"299":{"start":{"line":671,"column":6},"end":{"line":673,"column":null}},"300":{"start":{"line":677,"column":23},"end":{"line":677,"column":null}},"301":{"start":{"line":678,"column":4},"end":{"line":678,"column":null}},"302":{"start":{"line":681,"column":21},"end":{"line":681,"column":null}},"303":{"start":{"line":684,"column":24},"end":{"line":692,"column":null}},"304":{"start":{"line":695,"column":20},"end":{"line":715,"column":null}},"305":{"start":{"line":717,"column":4},"end":{"line":742,"column":null}},"306":{"start":{"line":718,"column":6},"end":{"line":718,"column":null}},"307":{"start":{"line":719,"column":6},"end":{"line":721,"column":null}},"308":{"start":{"line":723,"column":6},"end":{"line":728,"column":null}},"309":{"start":{"line":730,"column":6},"end":{"line":730,"column":null}},"310":{"start":{"line":731,"column":6},"end":{"line":731,"column":null}},"311":{"start":{"line":732,"column":6},"end":{"line":732,"column":null}},"312":{"start":{"line":735,"column":27},"end":{"line":737,"column":null}},"313":{"start":{"line":739,"column":6},"end":{"line":741,"column":null}},"314":{"start":{"line":744,"column":4},"end":{"line":744,"column":null}},"315":{"start":{"line":745,"column":4},"end":{"line":745,"column":null}},"316":{"start":{"line":750,"column":0},"end":{"line":786,"column":null}},"317":{"start":{"line":751,"column":2},"end":{"line":785,"column":null}},"318":{"start":{"line":752,"column":22},"end":{"line":752,"column":null}},"319":{"start":{"line":753,"column":25},"end":{"line":753,"column":null}},"320":{"start":{"line":755,"column":4},"end":{"line":757,"column":null}},"321":{"start":{"line":756,"column":6},"end":{"line":756,"column":null}},"322":{"start":{"line":760,"column":24},"end":{"line":763,"column":null}},"323":{"start":{"line":766,"column":17},"end":{"line":769,"column":null}},"324":{"start":{"line":771,"column":4},"end":{"line":773,"column":null}},"325":{"start":{"line":772,"column":6},"end":{"line":772,"column":null}},"326":{"start":{"line":776,"column":4},"end":{"line":776,"column":null}},"327":{"start":{"line":777,"column":4},"end":{"line":777,"column":null}},"328":{"start":{"line":778,"column":4},"end":{"line":778,"column":null}},"329":{"start":{"line":779,"column":4},"end":{"line":779,"column":null}},"330":{"start":{"line":781,"column":4},"end":{"line":781,"column":null}},"331":{"start":{"line":783,"column":4},"end":{"line":783,"column":null}},"332":{"start":{"line":784,"column":4},"end":{"line":784,"column":null}},"333":{"start":{"line":790,"column":0},"end":{"line":824,"column":null}},"334":{"start":{"line":791,"column":2},"end":{"line":823,"column":null}},"335":{"start":{"line":792,"column":23},"end":{"line":792,"column":null}},"336":{"start":{"line":794,"column":4},"end":{"line":796,"column":null}},"337":{"start":{"line":795,"column":6},"end":{"line":795,"column":null}},"338":{"start":{"line":799,"column":4},"end":{"line":801,"column":null}},"339":{"start":{"line":800,"column":6},"end":{"line":800,"column":null}},"340":{"start":{"line":804,"column":4},"end":{"line":806,"column":null}},"341":{"start":{"line":805,"column":6},"end":{"line":805,"column":null}},"342":{"start":{"line":808,"column":4},"end":{"line":808,"column":null}},"343":{"start":{"line":809,"column":4},"end":{"line":809,"column":null}},"344":{"start":{"line":811,"column":4},"end":{"line":819,"column":null}},"345":{"start":{"line":821,"column":4},"end":{"line":821,"column":null}},"346":{"start":{"line":822,"column":4},"end":{"line":822,"column":null}},"347":{"start":{"line":827,"column":0},"end":{"line":851,"column":null}},"348":{"start":{"line":828,"column":2},"end":{"line":850,"column":null}},"349":{"start":{"line":829,"column":23},"end":{"line":829,"column":null}},"350":{"start":{"line":831,"column":4},"end":{"line":833,"column":null}},"351":{"start":{"line":832,"column":6},"end":{"line":832,"column":null}},"352":{"start":{"line":835,"column":4},"end":{"line":835,"column":null}},"353":{"start":{"line":836,"column":4},"end":{"line":836,"column":null}},"354":{"start":{"line":838,"column":4},"end":{"line":846,"column":null}},"355":{"start":{"line":848,"column":4},"end":{"line":848,"column":null}},"356":{"start":{"line":849,"column":4},"end":{"line":849,"column":null}},"357":{"start":{"line":854,"column":0},"end":{"line":881,"column":null}},"358":{"start":{"line":855,"column":2},"end":{"line":880,"column":null}},"359":{"start":{"line":856,"column":23},"end":{"line":856,"column":null}},"360":{"start":{"line":858,"column":4},"end":{"line":860,"column":null}},"361":{"start":{"line":859,"column":6},"end":{"line":859,"column":null}},"362":{"start":{"line":863,"column":4},"end":{"line":865,"column":null}},"363":{"start":{"line":864,"column":6},"end":{"line":864,"column":null}},"364":{"start":{"line":868,"column":4},"end":{"line":870,"column":null}},"365":{"start":{"line":869,"column":6},"end":{"line":869,"column":null}},"366":{"start":{"line":872,"column":4},"end":{"line":872,"column":null}},"367":{"start":{"line":874,"column":4},"end":{"line":876,"column":null}},"368":{"start":{"line":878,"column":4},"end":{"line":878,"column":null}},"369":{"start":{"line":879,"column":4},"end":{"line":879,"column":null}},"370":{"start":{"line":884,"column":0},"end":{"line":899,"column":null}},"371":{"start":{"line":885,"column":2},"end":{"line":898,"column":null}},"372":{"start":{"line":886,"column":17},"end":{"line":888,"column":null}},"373":{"start":{"line":890,"column":4},"end":{"line":892,"column":null}},"374":{"start":{"line":891,"column":6},"end":{"line":891,"column":null}},"375":{"start":{"line":894,"column":4},"end":{"line":894,"column":null}},"376":{"start":{"line":896,"column":4},"end":{"line":896,"column":null}},"377":{"start":{"line":897,"column":4},"end":{"line":897,"column":null}},"378":{"start":{"line":902,"column":22},"end":{"line":904,"column":null}},"379":{"start":{"line":903,"column":2},"end":{"line":903,"column":null}}},"fnMap":{"0":{"name":"(anonymous_0)","decl":{"start":{"line":22,"column":20},"end":{"line":22,"column":21}},"loc":{"start":{"line":22,"column":34},"end":{"line":35,"column":1}},"line":22},"1":{"name":"(anonymous_1)","decl":{"start":{"line":38,"column":25},"end":{"line":38,"column":32}},"loc":{"start":{"line":38,"column":45},"end":{"line":68,"column":1}},"line":38},"2":{"name":"(anonymous_2)","decl":{"start":{"line":71,"column":22},"end":{"line":71,"column":29}},"loc":{"start":{"line":71,"column":42},"end":{"line":111,"column":1}},"line":71},"3":{"name":"(anonymous_3)","decl":{"start":{"line":114,"column":25},"end":{"line":114,"column":26}},"loc":{"start":{"line":114,"column":45},"end":{"line":120,"column":null}},"line":114},"4":{"name":"(anonymous_4)","decl":{"start":{"line":130,"column":2},"end":{"line":130,"column":9}},"loc":{"start":{"line":130,"column":22},"end":{"line":149,"column":null}},"line":130},"5":{"name":"(anonymous_5)","decl":{"start":{"line":153,"column":27},"end":{"line":153,"column":34}},"loc":{"start":{"line":153,"column":47},"end":{"line":182,"column":1}},"line":153},"6":{"name":"(anonymous_6)","decl":{"start":{"line":185,"column":32},"end":{"line":185,"column":39}},"loc":{"start":{"line":185,"column":52},"end":{"line":260,"column":1}},"line":185},"7":{"name":"(anonymous_7)","decl":{"start":{"line":251,"column":58},"end":{"line":251,"column":63}},"loc":{"start":{"line":251,"column":63},"end":{"line":251,"column":72}},"line":251},"8":{"name":"(anonymous_8)","decl":{"start":{"line":263,"column":73},"end":{"line":263,"column":80}},"loc":{"start":{"line":263,"column":93},"end":{"line":301,"column":1}},"line":263},"9":{"name":"(anonymous_9)","decl":{"start":{"line":304,"column":35},"end":{"line":304,"column":42}},"loc":{"start":{"line":304,"column":55},"end":{"line":316,"column":1}},"line":304},"10":{"name":"(anonymous_10)","decl":{"start":{"line":319,"column":31},"end":{"line":319,"column":38}},"loc":{"start":{"line":319,"column":51},"end":{"line":352,"column":1}},"line":319},"11":{"name":"(anonymous_11)","decl":{"start":{"line":355,"column":37},"end":{"line":355,"column":44}},"loc":{"start":{"line":355,"column":57},"end":{"line":376,"column":1}},"line":355},"12":{"name":"(anonymous_12)","decl":{"start":{"line":379,"column":49},"end":{"line":379,"column":56}},"loc":{"start":{"line":379,"column":69},"end":{"line":421,"column":1}},"line":379},"13":{"name":"(anonymous_13)","decl":{"start":{"line":424,"column":48},"end":{"line":424,"column":55}},"loc":{"start":{"line":424,"column":68},"end":{"line":464,"column":1}},"line":424},"14":{"name":"(anonymous_14)","decl":{"start":{"line":441,"column":6},"end":{"line":441,"column":12}},"loc":{"start":{"line":441,"column":12},"end":{"line":441,"column":null}},"line":441},"15":{"name":"(anonymous_15)","decl":{"start":{"line":451,"column":6},"end":{"line":451,"column":12}},"loc":{"start":{"line":451,"column":12},"end":{"line":451,"column":null}},"line":451},"16":{"name":"(anonymous_16)","decl":{"start":{"line":467,"column":49},"end":{"line":467,"column":56}},"loc":{"start":{"line":467,"column":69},"end":{"line":494,"column":1}},"line":467},"17":{"name":"(anonymous_17)","decl":{"start":{"line":479,"column":6},"end":{"line":479,"column":12}},"loc":{"start":{"line":479,"column":12},"end":{"line":479,"column":null}},"line":479},"18":{"name":"(anonymous_18)","decl":{"start":{"line":485,"column":6},"end":{"line":485,"column":12}},"loc":{"start":{"line":485,"column":12},"end":{"line":485,"column":null}},"line":485},"19":{"name":"(anonymous_19)","decl":{"start":{"line":497,"column":43},"end":{"line":497,"column":50}},"loc":{"start":{"line":497,"column":63},"end":{"line":524,"column":1}},"line":497},"20":{"name":"(anonymous_20)","decl":{"start":{"line":509,"column":6},"end":{"line":509,"column":12}},"loc":{"start":{"line":509,"column":12},"end":{"line":509,"column":null}},"line":509},"21":{"name":"(anonymous_21)","decl":{"start":{"line":515,"column":6},"end":{"line":515,"column":12}},"loc":{"start":{"line":515,"column":12},"end":{"line":515,"column":null}},"line":515},"22":{"name":"(anonymous_22)","decl":{"start":{"line":527,"column":34},"end":{"line":527,"column":41}},"loc":{"start":{"line":527,"column":54},"end":{"line":547,"column":1}},"line":527},"23":{"name":"(anonymous_23)","decl":{"start":{"line":550,"column":43},"end":{"line":550,"column":50}},"loc":{"start":{"line":550,"column":63},"end":{"line":597,"column":1}},"line":550},"24":{"name":"(anonymous_24)","decl":{"start":{"line":572,"column":6},"end":{"line":572,"column":15}},"loc":{"start":{"line":572,"column":15},"end":{"line":572,"column":null}},"line":572},"25":{"name":"(anonymous_25)","decl":{"start":{"line":600,"column":45},"end":{"line":600,"column":52}},"loc":{"start":{"line":600,"column":65},"end":{"line":640,"column":1}},"line":600},"26":{"name":"(anonymous_26)","decl":{"start":{"line":616,"column":6},"end":{"line":616,"column":15}},"loc":{"start":{"line":616,"column":15},"end":{"line":616,"column":null}},"line":616},"27":{"name":"(anonymous_27)","decl":{"start":{"line":624,"column":6},"end":{"line":624,"column":12}},"loc":{"start":{"line":624,"column":12},"end":{"line":624,"column":null}},"line":624},"28":{"name":"(anonymous_28)","decl":{"start":{"line":643,"column":32},"end":{"line":643,"column":39}},"loc":{"start":{"line":643,"column":52},"end":{"line":747,"column":1}},"line":643},"29":{"name":"(anonymous_29)","decl":{"start":{"line":750,"column":38},"end":{"line":750,"column":45}},"loc":{"start":{"line":750,"column":58},"end":{"line":786,"column":1}},"line":750},"30":{"name":"(anonymous_30)","decl":{"start":{"line":790,"column":43},"end":{"line":790,"column":50}},"loc":{"start":{"line":790,"column":63},"end":{"line":824,"column":1}},"line":790},"31":{"name":"(anonymous_31)","decl":{"start":{"line":827,"column":45},"end":{"line":827,"column":52}},"loc":{"start":{"line":827,"column":65},"end":{"line":851,"column":1}},"line":827},"32":{"name":"(anonymous_32)","decl":{"start":{"line":854,"column":42},"end":{"line":854,"column":49}},"loc":{"start":{"line":854,"column":62},"end":{"line":881,"column":1}},"line":854},"33":{"name":"(anonymous_33)","decl":{"start":{"line":884,"column":32},"end":{"line":884,"column":39}},"loc":{"start":{"line":884,"column":52},"end":{"line":899,"column":1}},"line":884},"34":{"name":"(anonymous_34)","decl":{"start":{"line":902,"column":22},"end":{"line":902,"column":23}},"loc":{"start":{"line":902,"column":30},"end":{"line":904,"column":null}},"line":902}},"branchMap":{"0":{"loc":{"start":{"line":41,"column":4},"end":{"line":43,"column":null}},"type":"if","locations":[{"start":{"line":41,"column":4},"end":{"line":43,"column":null}},{"start":{},"end":{}}],"line":41},"1":{"loc":{"start":{"line":41,"column":8},"end":{"line":41,"column":42}},"type":"binary-expr","locations":[{"start":{"line":41,"column":8},"end":{"line":41,"column":21}},{"start":{"line":41,"column":21},"end":{"line":41,"column":31}},{"start":{"line":41,"column":31},"end":{"line":41,"column":42}}],"line":41},"2":{"loc":{"start":{"line":46,"column":4},"end":{"line":54,"column":null}},"type":"if","locations":[{"start":{"line":46,"column":4},"end":{"line":54,"column":null}},{"start":{},"end":{}}],"line":46},"3":{"loc":{"start":{"line":48,"column":6},"end":{"line":52,"column":null}},"type":"if","locations":[{"start":{"line":48,"column":6},"end":{"line":52,"column":null}},{"start":{},"end":{}}],"line":48},"4":{"loc":{"start":{"line":62,"column":15},"end":{"line":62,"column":null}},"type":"binary-expr","locations":[{"start":{"line":62,"column":15},"end":{"line":62,"column":31}},{"start":{"line":62,"column":31},"end":{"line":62,"column":null}}],"line":62},"5":{"loc":{"start":{"line":74,"column":4},"end":{"line":76,"column":null}},"type":"if","locations":[{"start":{"line":74,"column":4},"end":{"line":76,"column":null}},{"start":{},"end":{}}],"line":74},"6":{"loc":{"start":{"line":74,"column":8},"end":{"line":74,"column":29}},"type":"binary-expr","locations":[{"start":{"line":74,"column":8},"end":{"line":74,"column":18}},{"start":{"line":74,"column":18},"end":{"line":74,"column":29}}],"line":74},"7":{"loc":{"start":{"line":79,"column":4},"end":{"line":81,"column":null}},"type":"if","locations":[{"start":{"line":79,"column":4},"end":{"line":81,"column":null}},{"start":{},"end":{}}],"line":79},"8":{"loc":{"start":{"line":84,"column":4},"end":{"line":88,"column":null}},"type":"if","locations":[{"start":{"line":84,"column":4},"end":{"line":88,"column":null}},{"start":{},"end":{}}],"line":84},"9":{"loc":{"start":{"line":84,"column":8},"end":{"line":84,"column":58}},"type":"binary-expr","locations":[{"start":{"line":84,"column":8},"end":{"line":84,"column":42}},{"start":{"line":84,"column":42},"end":{"line":84,"column":58}}],"line":84},"10":{"loc":{"start":{"line":90,"column":4},"end":{"line":92,"column":null}},"type":"if","locations":[{"start":{"line":90,"column":4},"end":{"line":92,"column":null}},{"start":{},"end":{}}],"line":90},"11":{"loc":{"start":{"line":95,"column":4},"end":{"line":97,"column":null}},"type":"if","locations":[{"start":{"line":95,"column":4},"end":{"line":97,"column":null}},{"start":{},"end":{}}],"line":95},"12":{"loc":{"start":{"line":104,"column":15},"end":{"line":104,"column":null}},"type":"binary-expr","locations":[{"start":{"line":104,"column":15},"end":{"line":104,"column":31}},{"start":{"line":104,"column":31},"end":{"line":104,"column":null}}],"line":104},"13":{"loc":{"start":{"line":115,"column":2},"end":{"line":118,"column":null}},"type":"if","locations":[{"start":{"line":115,"column":2},"end":{"line":118,"column":null}},{"start":{},"end":{}}],"line":115},"14":{"loc":{"start":{"line":116,"column":24},"end":{"line":116,"column":null}},"type":"binary-expr","locations":[{"start":{"line":116,"column":24},"end":{"line":116,"column":52}},{"start":{"line":116,"column":52},"end":{"line":116,"column":null}}],"line":116},"15":{"loc":{"start":{"line":129,"column":56},"end":{"line":129,"column":107}},"type":"binary-expr","locations":[{"start":{"line":129,"column":56},"end":{"line":129,"column":84}},{"start":{"line":129,"column":84},"end":{"line":129,"column":107}}],"line":129},"16":{"loc":{"start":{"line":135,"column":6},"end":{"line":137,"column":null}},"type":"if","locations":[{"start":{"line":135,"column":6},"end":{"line":137,"column":null}},{"start":{},"end":{}}],"line":135},"17":{"loc":{"start":{"line":136,"column":31},"end":{"line":136,"column":82}},"type":"binary-expr","locations":[{"start":{"line":136,"column":31},"end":{"line":136,"column":59}},{"start":{"line":136,"column":59},"end":{"line":136,"column":82}}],"line":136},"18":{"loc":{"start":{"line":143,"column":26},"end":{"line":143,"column":null}},"type":"binary-expr","locations":[{"start":{"line":143,"column":26},"end":{"line":143,"column":54}},{"start":{"line":143,"column":54},"end":{"line":143,"column":null}}],"line":143},"19":{"loc":{"start":{"line":147,"column":22},"end":{"line":147,"column":73}},"type":"binary-expr","locations":[{"start":{"line":147,"column":22},"end":{"line":147,"column":50}},{"start":{"line":147,"column":50},"end":{"line":147,"column":73}}],"line":147},"20":{"loc":{"start":{"line":159,"column":4},"end":{"line":164,"column":null}},"type":"if","locations":[{"start":{"line":159,"column":4},"end":{"line":164,"column":null}},{"start":{},"end":{}}],"line":159},"21":{"loc":{"start":{"line":166,"column":4},"end":{"line":176,"column":null}},"type":"if","locations":[{"start":{"line":166,"column":4},"end":{"line":176,"column":null}},{"start":{},"end":{}}],"line":166},"22":{"loc":{"start":{"line":193,"column":4},"end":{"line":196,"column":null}},"type":"if","locations":[{"start":{"line":193,"column":4},"end":{"line":196,"column":null}},{"start":{},"end":{}}],"line":193},"23":{"loc":{"start":{"line":199,"column":4},"end":{"line":210,"column":null}},"type":"if","locations":[{"start":{"line":199,"column":4},"end":{"line":210,"column":null}},{"start":{"line":208,"column":4},"end":{"line":210,"column":null}}],"line":199},"24":{"loc":{"start":{"line":199,"column":8},"end":{"line":199,"column":79}},"type":"binary-expr","locations":[{"start":{"line":199,"column":8},"end":{"line":199,"column":34}},{"start":{"line":199,"column":34},"end":{"line":199,"column":55}},{"start":{"line":199,"column":55},"end":{"line":199,"column":79}}],"line":199},"25":{"loc":{"start":{"line":200,"column":6},"end":{"line":207,"column":null}},"type":"if","locations":[{"start":{"line":200,"column":6},"end":{"line":207,"column":null}},{"start":{},"end":{}}],"line":200},"26":{"loc":{"start":{"line":203,"column":8},"end":{"line":205,"column":null}},"type":"if","locations":[{"start":{"line":203,"column":8},"end":{"line":205,"column":null}},{"start":{},"end":{}}],"line":203},"27":{"loc":{"start":{"line":208,"column":4},"end":{"line":210,"column":null}},"type":"if","locations":[{"start":{"line":208,"column":4},"end":{"line":210,"column":null}},{"start":{},"end":{}}],"line":208},"28":{"loc":{"start":{"line":208,"column":15},"end":{"line":208,"column":65}},"type":"binary-expr","locations":[{"start":{"line":208,"column":15},"end":{"line":208,"column":41}},{"start":{"line":208,"column":41},"end":{"line":208,"column":65}}],"line":208},"29":{"loc":{"start":{"line":213,"column":4},"end":{"line":215,"column":null}},"type":"if","locations":[{"start":{"line":213,"column":4},"end":{"line":215,"column":null}},{"start":{},"end":{}}],"line":213},"30":{"loc":{"start":{"line":218,"column":4},"end":{"line":220,"column":null}},"type":"if","locations":[{"start":{"line":218,"column":4},"end":{"line":220,"column":null}},{"start":{},"end":{}}],"line":218},"31":{"loc":{"start":{"line":223,"column":4},"end":{"line":232,"column":null}},"type":"if","locations":[{"start":{"line":223,"column":4},"end":{"line":232,"column":null}},{"start":{},"end":{}}],"line":223},"32":{"loc":{"start":{"line":235,"column":4},"end":{"line":242,"column":null}},"type":"if","locations":[{"start":{"line":235,"column":4},"end":{"line":242,"column":null}},{"start":{},"end":{}}],"line":235},"33":{"loc":{"start":{"line":236,"column":6},"end":{"line":236,"column":null}},"type":"if","locations":[{"start":{"line":236,"column":6},"end":{"line":236,"column":null}},{"start":{},"end":{}}],"line":236},"34":{"loc":{"start":{"line":236,"column":76},"end":{"line":236,"column":null}},"type":"binary-expr","locations":[{"start":{"line":236,"column":76},"end":{"line":236,"column":101}},{"start":{"line":236,"column":101},"end":{"line":236,"column":null}}],"line":236},"35":{"loc":{"start":{"line":237,"column":6},"end":{"line":237,"column":null}},"type":"if","locations":[{"start":{"line":237,"column":6},"end":{"line":237,"column":null}},{"start":{},"end":{}}],"line":237},"36":{"loc":{"start":{"line":237,"column":82},"end":{"line":237,"column":null}},"type":"binary-expr","locations":[{"start":{"line":237,"column":82},"end":{"line":237,"column":110}},{"start":{"line":237,"column":110},"end":{"line":237,"column":null}}],"line":237},"37":{"loc":{"start":{"line":238,"column":6},"end":{"line":238,"column":null}},"type":"if","locations":[{"start":{"line":238,"column":6},"end":{"line":238,"column":null}},{"start":{},"end":{}}],"line":238},"38":{"loc":{"start":{"line":238,"column":102},"end":{"line":238,"column":null}},"type":"binary-expr","locations":[{"start":{"line":238,"column":102},"end":{"line":238,"column":140}},{"start":{"line":238,"column":140},"end":{"line":238,"column":null}}],"line":238},"39":{"loc":{"start":{"line":239,"column":6},"end":{"line":239,"column":null}},"type":"if","locations":[{"start":{"line":239,"column":6},"end":{"line":239,"column":null}},{"start":{},"end":{}}],"line":239},"40":{"loc":{"start":{"line":239,"column":82},"end":{"line":239,"column":null}},"type":"binary-expr","locations":[{"start":{"line":239,"column":82},"end":{"line":239,"column":110}},{"start":{"line":239,"column":110},"end":{"line":239,"column":null}}],"line":239},"41":{"loc":{"start":{"line":240,"column":6},"end":{"line":240,"column":null}},"type":"if","locations":[{"start":{"line":240,"column":6},"end":{"line":240,"column":null}},{"start":{},"end":{}}],"line":240},"42":{"loc":{"start":{"line":240,"column":84},"end":{"line":240,"column":null}},"type":"binary-expr","locations":[{"start":{"line":240,"column":84},"end":{"line":240,"column":113}},{"start":{"line":240,"column":113},"end":{"line":240,"column":null}}],"line":240},"43":{"loc":{"start":{"line":241,"column":6},"end":{"line":241,"column":null}},"type":"if","locations":[{"start":{"line":241,"column":6},"end":{"line":241,"column":null}},{"start":{},"end":{}}],"line":241},"44":{"loc":{"start":{"line":241,"column":82},"end":{"line":241,"column":null}},"type":"binary-expr","locations":[{"start":{"line":241,"column":82},"end":{"line":241,"column":110}},{"start":{"line":241,"column":110},"end":{"line":241,"column":null}}],"line":241},"45":{"loc":{"start":{"line":250,"column":4},"end":{"line":253,"column":null}},"type":"if","locations":[{"start":{"line":250,"column":4},"end":{"line":253,"column":null}},{"start":{},"end":{}}],"line":250},"46":{"loc":{"start":{"line":252,"column":45},"end":{"line":252,"column":74}},"type":"binary-expr","locations":[{"start":{"line":252,"column":45},"end":{"line":252,"column":62}},{"start":{"line":252,"column":62},"end":{"line":252,"column":74}}],"line":252},"47":{"loc":{"start":{"line":254,"column":4},"end":{"line":257,"column":null}},"type":"if","locations":[{"start":{"line":254,"column":4},"end":{"line":257,"column":null}},{"start":{},"end":{}}],"line":254},"48":{"loc":{"start":{"line":258,"column":36},"end":{"line":258,"column":66}},"type":"binary-expr","locations":[{"start":{"line":258,"column":36},"end":{"line":258,"column":51}},{"start":{"line":258,"column":51},"end":{"line":258,"column":66}}],"line":258},"49":{"loc":{"start":{"line":265,"column":4},"end":{"line":267,"column":null}},"type":"if","locations":[{"start":{"line":265,"column":4},"end":{"line":267,"column":null}},{"start":{},"end":{}}],"line":265},"50":{"loc":{"start":{"line":270,"column":4},"end":{"line":274,"column":null}},"type":"if","locations":[{"start":{"line":270,"column":4},"end":{"line":274,"column":null}},{"start":{},"end":{}}],"line":270},"51":{"loc":{"start":{"line":277,"column":4},"end":{"line":282,"column":null}},"type":"if","locations":[{"start":{"line":277,"column":4},"end":{"line":282,"column":null}},{"start":{},"end":{}}],"line":277},"52":{"loc":{"start":{"line":277,"column":8},"end":{"line":277,"column":76}},"type":"binary-expr","locations":[{"start":{"line":277,"column":8},"end":{"line":277,"column":31}},{"start":{"line":277,"column":31},"end":{"line":277,"column":76}}],"line":277},"53":{"loc":{"start":{"line":279,"column":6},"end":{"line":281,"column":null}},"type":"if","locations":[{"start":{"line":279,"column":6},"end":{"line":281,"column":null}},{"start":{},"end":{}}],"line":279},"54":{"loc":{"start":{"line":296,"column":4},"end":{"line":298,"column":null}},"type":"if","locations":[{"start":{"line":296,"column":4},"end":{"line":298,"column":null}},{"start":{},"end":{}}],"line":296},"55":{"loc":{"start":{"line":296,"column":8},"end":{"line":296,"column":50}},"type":"binary-expr","locations":[{"start":{"line":296,"column":8},"end":{"line":296,"column":20}},{"start":{"line":296,"column":20},"end":{"line":296,"column":50}}],"line":296},"56":{"loc":{"start":{"line":299,"column":36},"end":{"line":299,"column":66}},"type":"binary-expr","locations":[{"start":{"line":299,"column":36},"end":{"line":299,"column":51}},{"start":{"line":299,"column":51},"end":{"line":299,"column":66}}],"line":299},"57":{"loc":{"start":{"line":324,"column":4},"end":{"line":331,"column":null}},"type":"if","locations":[{"start":{"line":324,"column":4},"end":{"line":331,"column":null}},{"start":{},"end":{}}],"line":324},"58":{"loc":{"start":{"line":324,"column":8},"end":{"line":324,"column":53}},"type":"binary-expr","locations":[{"start":{"line":324,"column":8},"end":{"line":324,"column":29}},{"start":{"line":324,"column":29},"end":{"line":324,"column":35}},{"start":{"line":324,"column":35},"end":{"line":324,"column":53}}],"line":324},"59":{"loc":{"start":{"line":333,"column":4},"end":{"line":335,"column":null}},"type":"if","locations":[{"start":{"line":333,"column":4},"end":{"line":335,"column":null}},{"start":{},"end":{}}],"line":333},"60":{"loc":{"start":{"line":333,"column":8},"end":{"line":333,"column":28}},"type":"binary-expr","locations":[{"start":{"line":333,"column":8},"end":{"line":333,"column":14}},{"start":{"line":333,"column":14},"end":{"line":333,"column":28}}],"line":333},"61":{"loc":{"start":{"line":363,"column":4},"end":{"line":365,"column":null}}
[...]
,"/Users/noryan/Desktop/team_14_cm6311_project/backend/routes/games.js": {"path":"/Users/noryan/Desktop/team_14_cm6311_project/backend/routes/games.js","statementMap":{"0":{"start":{"line":5,"column":15},"end":{"line":5,"column":31}},"1":{"start":{"line":8,"column":0},"end":{"line":15,"column":null}},"2":{"start":{"line":9,"column":4},"end":{"line":14,"column":null}},"3":{"start":{"line":10,"column":22},"end":{"line":10,"column":63}},"4":{"start":{"line":11,"column":8},"end":{"line":11,"column":null}},"5":{"start":{"line":13,"column":8},"end":{"line":13,"column":null}},"6":{"start":{"line":18,"column":0},"end":{"line":28,"column":null}},"7":{"start":{"line":19,"column":4},"end":{"line":27,"column":null}},"8":{"start":{"line":20,"column":21},"end":{"line":20,"column":55}},"9":{"start":{"line":21,"column":8},"end":{"line":23,"column":null}},"10":{"start":{"line":22,"column":12},"end":{"line":22,"column":null}},"11":{"start":{"line":24,"column":8},"end":{"line":24,"column":null}},"12":{"start":{"line":26,"column":8},"end":{"line":26,"column":null}},"13":{"start":{"line":31,"column":0},"end":{"line":72,"column":null}},"14":{"start":{"line":32,"column":4},"end":{"line":71,"column":null}},"15":{"start":{"line":46,"column":12},"end":{"line":46,"column":20}},"16":{"start":{"line":49,"column":8},"end":{"line":51,"column":null}},"17":{"start":{"line":50,"column":12},"end":{"line":50,"column":null}},"18":{"start":{"line":53,"column":21},"end":{"line":66,"column":10}},"19":{"start":{"line":68,"column":8},"end":{"line":68,"column":null}},"20":{"start":{"line":70,"column":8},"end":{"line":70,"column":null}},"21":{"start":{"line":75,"column":0},"end":{"line":91,"column":null}},"22":{"start":{"line":76,"column":4},"end":{"line":90,"column":null}},"23":{"start":{"line":77,"column":21},"end":{"line":81,"column":9}},"24":{"start":{"line":83,"column":8},"end":{"line":85,"column":null}},"25":{"start":{"line":84,"column":12},"end":{"line":84,"column":null}},"26":{"start":{"line":87,"column":8},"end":{"line":87,"column":null}},"27":{"start":{"line":89,"column":8},"end":{"line":89,"column":null}},"28":{"start":{"line":94,"column":0},"end":{"line":106,"column":null}},"29":{"start":{"line":95,"column":4},"end":{"line":105,"column":null}},"30":{"start":{"line":96,"column":21},"end":{"line":96,"column":64}},"31":{"start":{"line":98,"column":8},"end":{"line":100,"column":null}},"32":{"start":{"line":99,"column":12},"end":{"line":99,"column":null}},"33":{"start":{"line":102,"column":8},"end":{"line":102,"column":null}},"34":{"start":{"line":104,"column":8},"end":{"line":104,"column":null}}},"fnMap":{"0":{"name":"(anonymous_0)","decl":{"start":{"line":8,"column":16},"end":{"line":8,"column":21}},"loc":{"start":{"line":8,"column":36},"end":{"line":15,"column":1}},"line":8},"1":{"name":"(anonymous_1)","decl":{"start":{"line":18,"column":19},"end":{"line":18,"column":24}},"loc":{"start":{"line":18,"column":39},"end":{"line":28,"column":1}},"line":18},"2":{"name":"(anonymous_2)","decl":{"start":{"line":31,"column":33},"end":{"line":31,"column":38}},"loc":{"start":{"line":31,"column":53},"end":{"line":72,"column":1}},"line":31},"3":{"name":"(anonymous_3)","decl":{"start":{"line":75,"column":35},"end":{"line":75,"column":40}},"loc":{"start":{"line":75,"column":55},"end":{"line":91,"column":1}},"line":75},"4":{"name":"(anonymous_4)","decl":{"start":{"line":94,"column":38},"end":{"line":94,"column":43}},"loc":{"start":{"line":94,"column":58},"end":{"line":106,"column":1}},"line":94}},"branchMap":{"0":{"loc":{"start":{"line":21,"column":8},"end":{"line":23,"column":null}},"type":"if","locations":[{"start":{"line":21,"column":8},"end":{"line":23,"column":null}},{"start":{},"end":{}}],"line":21},"1":{"loc":{"start":{"line":49,"column":8},"end":{"line":51,"column":null}},"type":"if","locations":[{"start":{"line":49,"column":8},"end":{"line":51,"column":null}},{"start":{},"end":{}}],"line":49},"2":{"loc":{"start":{"line":49,"column":12},"end":{"line":49,"column":98}},"type":"binary-expr","locations":[{"start":{"line":49,"column":12},"end":{"line":49,"column":18}},{"start":{"line":49,"column":22},"end":{"line":49,"column":32}},{"start":{"line":49,"column":36},"end":{"line":49,"column":42}},{"start":{"line":49,"column":46},"end":{"line":49,"column":58}},{"start":{"line":49,"column":62},"end":{"line":49,"column":74}},{"start":{"line":49,"column":78},"end":{"line":49,"column":87}},{"start":{"line":49,"column":91},"end":{"line":49,"column":98}}],"line":49},"3":{"loc":{"start":{"line":59,"column":25},"end":{"line":59,"column":44}},"type":"binary-expr","locations":[{"start":{"line":59,"column":25},"end":{"line":59,"column":36}},{"start":{"line":59,"column":40},"end":{"line":59,"column":44}}],"line":59},"4":{"loc":{"start":{"line":61,"column":24},"end":{"line":61,"column":42}},"type":"binary-expr","locations":[{"start":{"line":61,"column":24},"end":{"line":61,"column":34}},{"start":{"line":61,"column":38},"end":{"line":61,"column":42}}],"line":61},"5":{"loc":{"start":{"line":63,"column":35},"end":{"line":63,"column":62}},"type":"binary-expr","locations":[{"start":{"line":63,"column":35},"end":{"line":63,"column":56}},{"start":{"line":63,"column":60},"end":{"line":63,"column":62}}],"line":63},"6":{"loc":{"start":{"line":64,"column":22},"end":{"line":64,"column":36}},"type":"binary-expr","locations":[{"start":{"line":64,"column":22},"end":{"line":64,"column":30}},{"start":{"line":64,"column":34},"end":{"line":64,"column":36}}],"line":64},"7":{"loc":{"start":{"line":65,"column":26},"end":{"line":65,"column":null}},"type":"binary-expr","locations":[{"start":{"line":65,"column":26},"end":{"line":65,"column":38}},{"start":{"line":65,"column":42},"end":{"line":65,"column":null}}],"line":65},"8":{"loc":{"start":{"line":83,"column":8},"end":{"line":85,"column":null}},"type":"if","locations":[{"start":{"line":83,"column":8},"end":{"line":85,"column":null}},{"start":{},"end":{}}],"line":83},"9":{"loc":{"start":{"line":98,"column":8},"end":{"line":100,"column":null}},"type":"if","locations":[{"start":{"line":98,"column":8},"end":{"line":100,"column":null}},{"start":{},"end":{}}],"line":98}},"s":{"0":0,"1":0,"2":0,"3":0,"4":0,"5":0,"6":0,"7":0,"8":0,"9":0,"10":0,"11":0,"12":0,"13":0,"14":0,"15":0,"16":0,"17":0,"18":0,"19":0,"20":0,"21":0,"22":0,"23":0,"24":0,"25":0,"26":0,"27":0,"28":0,"29":0,"30":0,"31":0,"32":0,"33":0,"34":0},"f":{"0":0,"1":0,"2":0,"3":0,"4":0},"b":{"0":[0,0],"1":[0,0],"2":[0,0,0,0,0,0,0],"3":[0,0],"4":[0,0],"5":[0,0],"6":[0,0],"7":[0,0],"8":[0,0],"9":[0,0]},"meta":{"lastBranch":10,"lastFunction":5,"lastStatement":35,"seen":{"s:5:15:5:31":0,"s:8:0:15:Infinity":1,"f:8:16:8:21":0,"s:9:4:14:Infinity":2,"s:10:22:10:63":3,"s:11:8:11:Infinity":4,"s:13:8:13:Infinity":5,"s:18:0:28:Infinity":6,"f:18:19:18:24":1,"s:19:4:27:Infinity":7,"s:20:21:20:55":8,"b:21:8:23:Infinity:undefined:undefined:undefined:undefined":0,"s:21:8:23:Infinity":9,"s:22:12:22:Infinity":10,"s:24:8:24:Infinity":11,"s:26:8:26:Infinity":12,"s:31:0:72:Infinity":13,"f:31:33:31:38":2,"s:32:4:71:Infinity":14,"s:46:12:46:20":15,"b:49:8:51:Infinity:undefined:undefined:undefined:undefined":1,"s:49:8:51:Infinity":16,"b:49:12:49:18:49:22:49:32:49:36:49:42:49:46:49:58:49:62:49:74:49:78:49:87:49:91:49:98":2,"s:50:12:50:Infinity":17,"s:53:21:66:10":18,"b:59:25:59:36:59:40:59:44":3,"b:61:24:61:34:61:38:61:42":4,"b:63:35:63:56:63:60:63:62":5,"b:64:22:64:30:64:34:64:36":6,"b:65:26:65:38:65:42:65:Infinity":7,"s:68:8:68:Infinity":19,"s:70:8:70:Infinity":20,"s:75:0:91:Infinity":21,"f:75:35:75:40":3,"s:76:4:90:Infinity":22,"s:77:21:81:9":23,"b:83:8:85:Infinity:undefined:undefined:undefined:undefined":8,"s:83:8:85:Infinity":24,"s:84:12:84:Infinity":25,"s:87:8:87:Infinity":26,"s:89:8:89:Infinity":27,"s:94:0:106:Infinity":28,"f:94:38:94:43":4,"s:95:4:105:Infinity":29,"s:96:21:96:64":30,"b:98:8:100:Infinity:undefined:undefined:undefined:undefined":9,"s:98:8:100:Infinity":31,"s:99:12:99:Infinity":32,"s:102:8:102:Infinity":33,"s:104:8:104:Infinity":34}}}
,"/Users/noryan/Desktop/team_14_cm6311_project/backend/routes/reviews.js": {"path":"/Users/noryan/Desktop/team_14_cm6311_project/backend/routes/reviews.js","statementMap":{"0":{"start":{"line":6,"column":15},"end":{"line":6,"column":31}},"1":{"start":{"line":9,"column":0},"end":{"line":17,"column":null}},"2":{"start":{"line":10,"column":4},"end":{"line":16,"column":null}},"3":{"start":{"line":11,"column":24},"end":{"line":12,"column":36}},"4":{"start":{"line":13,"column":8},"end":{"line":13,"column":null}},"5":{"start":{"line":15,"column":8},"end":{"line":15,"column":null}},"6":{"start":{"line":20,"column":0},"end":{"line":63,"column":null}},"7":{"start":{"line":21,"column":4},"end":{"line":62,"column":null}},"8":{"start":{"line":22,"column":44},"end":{"line":22,"column":52}},"9":{"start":{"line":24,"column":8},"end":{"line":26,"column":null}},"10":{"start":{"line":25,"column":12},"end":{"line":25,"column":null}},"11":{"start":{"line":29,"column":31},"end":{"line":32,"column":10}},"12":{"start":{"line":34,"column":8},"end":{"line":36,"column":null}},"13":{"start":{"line":35,"column":12},"end":{"line":35,"column":null}},"14":{"start":{"line":38,"column":23},"end":{"line":45,"column":10}},"15":{"start":{"line":48,"column":27},"end":{"line":48,"column":56}},"16":{"start":{"line":49,"column":26},"end":{"line":49,"column":94}},"17":{"start":{"line":49,"column":56},"end":{"line":49,"column":70}},"18":{"start":{"line":51,"column":8},"end":{"line":54,"column":null}},"19":{"start":{"line":56,"column":8},"end":{"line":56,"column":null}},"20":{"start":{"line":58,"column":8},"end":{"line":60,"column":null}},"21":{"start":{"line":59,"column":12},"end":{"line":59,"column":null}},"22":{"start":{"line":61,"column":8},"end":{"line":61,"column":null}},"23":{"start":{"line":66,"column":0},"end":{"line":96,"column":null}},"24":{"start":{"line":67,"column":4},"end":{"line":95,"column":null}},"25":{"start":{"line":68,"column":23},"end":{"line":68,"column":59}},"26":{"start":{"line":70,"column":8},"end":{"line":72,"column":null}},"27":{"start":{"line":71,"column":12},"end":{"line":71,"column":null}},"28":{"start":{"line":74,"column":8},"end":{"line":76,"column":null}},"29":{"start":{"line":75,"column":12},"end":{"line":75,"column":null}},"30":{"start":{"line":78,"column":36},"end":{"line":78,"column":44}},"31":{"start":{"line":79,"column":8},"end":{"line":79,"column":null}},"32":{"start":{"line":80,"column":8},"end":{"line":80,"column":null}},"33":{"start":{"line":82,"column":8},"end":{"line":82,"column":null}},"34":{"start":{"line":85,"column":27},"end":{"line":85,"column":71}},"35":{"start":{"line":86,"column":26},"end":{"line":86,"column":94}},"36":{"start":{"line":86,"column":56},"end":{"line":86,"column":70}},"37":{"start":{"line":88,"column":8},"end":{"line":90,"column":null}},"38":{"start":{"line":92,"column":8},"end":{"line":92,"column":null}},"39":{"start":{"line":94,"column":8},"end":{"line":94,"column":null}},"40":{"start":{"line":99,"column":0},"end":{"line":133,"column":null}},"41":{"start":{"line":100,"column":4},"end":{"line":132,"column":null}},"42":{"start":{"line":101,"column":23},"end":{"line":101,"column":59}},"43":{"start":{"line":103,"column":8},"end":{"line":105,"column":null}},"44":{"start":{"line":104,"column":12},"end":{"line":104,"column":null}},"45":{"start":{"line":108,"column":24},"end":{"line":108,"column":76}},"46":{"start":{"line":109,"column":28},"end":{"line":109,"column":44}},"47":{"start":{"line":111,"column":8},"end":{"line":113,"column":null}},"48":{"start":{"line":112,"column":12},"end":{"line":112,"column":null}},"49":{"start":{"line":115,"column":23},"end":{"line":115,"column":36}},"50":{"start":{"line":116,"column":8},"end":{"line":116,"column":null}},"51":{"start":{"line":119,"column":27},"end":{"line":119,"column":56}},"52":{"start":{"line":120,"column":26},"end":{"line":122,"column":15}},"53":{"start":{"line":121,"column":44},"end":{"line":121,"column":58}},"54":{"start":{"line":124,"column":8},"end":{"line":127,"column":null}},"55":{"start":{"line":129,"column":8},"end":{"line":129,"column":null}},"56":{"start":{"line":131,"column":8},"end":{"line":131,"column":null}}},"fnMap":{"0":{"name":"(anonymous_0)","decl":{"start":{"line":9,"column":28},"end":{"line":9,"column":33}},"loc":{"start":{"line":9,"column":48},"end":{"line":17,"column":1}},"line":9},"1":{"name":"(anonymous_1)","decl":{"start":{"line":20,"column":26},"end":{"line":20,"column":31}},"loc":{"start":{"line":20,"column":46},"end":{"line":63,"column":1}},"line":20},"2":{"name":"(anonymous_2)","decl":{"start":{"line":49,"column":44},"end":{"line":49,"column":45}},"loc":{"start":{"line":49,"column":56},"end":{"line":49,"column":70}},"line":49},"3":{"name":"(anonymous_3)","decl":{"start":{"line":66,"column":28},"end":{"line":66,"column":33}},"loc":{"start":{"line":66,"column":48},"end":{"line":96,"column":1}},"line":66},"4":{"name":"(anonymous_4)","decl":{"start":{"line":86,"column":44},"end":{"line":86,"column":45}},"loc":{"start":{"line":86,"column":56},"end":{"line":86,"column":70}},"line":86},"5":{"name":"(anonymous_5)","decl":{"start":{"line":99,"column":31},"end":{"line":99,"column":36}},"loc":{"start":{"line":99,"column":51},"end":{"line":133,"column":1}},"line":99},"6":{"name":"(anonymous_6)","decl":{"start":{"line":121,"column":32},"end":{"line":121,"column":33}},"loc":{"start":{"line":121,"column":44},"end":{"line":121,"column":58}},"line":121}},"branchMap":{"0":{"loc":{"start":{"line":24,"column":8},"end":{"line":26,"column":null}},"type":"if","locations":[{"start":{"line":24,"column":8},"end":{"line":26,"column":null}},{"start":{},"end":{}}],"line":24},"1":{"loc":{"start":{"line":24,"column":12},"end":{"line":24,"column":42}},"type":"binary-expr","locations":[{"start":{"line":24,"column":12},"end":{"line":24,"column":19}},{"start":{"line":24,"column":23},"end":{"line":24,"column":30}},{"start":{"line":24,"column":34},"end":{"line":24,"column":42}}],"line":24},"2":{"loc":{"start":{"line":34,"column":8},"end":{"line":36,"column":null}},"type":"if","locations":[{"start":{"line":34,"column":8},"end":{"line":36,"column":null}},{"start":{},"end":{}}],"line":34},"3":{"loc":{"start":{"line":58,"column":8},"end":{"line":60,"column":null}},"type":"if","locations":[{"start":{"line":58,"column":8},"end":{"line":60,"column":null}},{"start":{},"end":{}}],"line":58},"4":{"loc":{"start":{"line":70,"column":8},"end":{"line":72,"column":null}},"type":"if","locations":[{"start":{"line":70,"column":8},"end":{"line":72,"column":null}},{"start":{},"end":{}}],"line":70},"5":{"loc":{"start":{"line":74,"column":8},"end":{"line":76,"column":null}},"type":"if","locations":[{"start":{"line":74,"column":8},"end":{"line":76,"column":null}},{"start":{},"end":{}}],"line":74},"6":{"loc":{"start":{"line":79,"column":24},"end":{"line":79,"column":47}},"type":"binary-expr","locations":[{"start":{"line":79,"column":24},"end":{"line":79,"column":30}},{"start":{"line":79,"column":34},"end":{"line":79,"column":47}}],"line":79},"7":{"loc":{"start":{"line":80,"column":25},"end":{"line":80,"column":50}},"type":"binary-expr","locations":[{"start":{"line":80,"column":25},"end":{"line":80,"column":32}},{"start":{"line":80,"column":36},"end":{"line":80,"column":50}}],"line":80},"8":{"loc":{"start":{"line":103,"column":8},"end":{"line":105,"column":null}},"type":"if","locations":[{"start":{"line":103,"column":8},"end":{"line":105,"column":null}},{"start":{},"end":{}}],"line":103},"9":{"loc":{"start":{"line":111,"column":8},"end":{"line":113,"column":null}},"type":"if","locations":[{"start":{"line":111,"column":8},"end":{"line":113,"column":null}},{"start":{},"end":{}}],"line":111},"10":{"loc":{"start":{"line":111,"column":12},"end":{"line":111,"column":36}},"type":"binary-expr","locations":[{"start":{"line":111,"column":12},"end":{"line":111,"column":20}},{"start":{"line":111,"column":24},"end":{"line":111,"column":36}}],"line":111},"11":{"loc":{"start":{"line":120,"column":26},"end":{"line":122,"column":15}},"type":"cond-expr","locations":[{"start":{"line":121,"column":14},"end":{"line":121,"column":82}},{"start":{"line":122,"column":14},"end":{"line":122,"column":15}}],"line":120}},"s":{"0":0,"1":0,"2":0,"3":0,"4":0,"5":0,"6":0,"7":0,"8":0,"9":0,"10":0,"11":0,"12":0,"13":0,"14":0,"15":0,"16":0,"17":0,"18":0,"19":0,"20":0,"21":0,"22":0,"23":0,"24":0,"25":0,"26":0,"27":0,"28":0,"29":0,"30":0,"31":0,"32":0,"33":0,"34":0,"35":0,"36":0,"37":0,"38":0,"39":0,"40":0,"41":0,"42":0,"43":0,"44":0,"45":0,"46":0,"47":0,"48":0,"49":0,"50":0,"51":0,"52":0,"53":0,"54":0,"55":0,"56":0},"f":{"0":0,"1":0,"2":0,"3":0,"4":0,"5":0,"6":0},"b":{"0":[0,0],"1":[0,0,0],"2":[0,0],"3":[0,0],"4":[0,0],"5":[0,0],"6":[0,0],"7":[0,0],"8":[0,0],"9":[0,0],"10":[0,0],"11":[0,0]},"meta":{"lastBranch":12,"lastFunction":7,"lastStatement":57,"seen":{"s:6:15:6:31":0,"s:9:0:17:Infinity":1,"f:9:28:9:33":0,"s:10:4:16:Infinity":2,"s:11:24:12:36":3,"s:13:8:13:Infinity":4,"s:15:8:15:Infinity":5,"s:20:0:63:Infinity":6,"f:20:26:20:31":1,"s:21:4:62:Infinity":7,"s:22:44:22:52":8,"b:24:8:26:Infinity:undefined:undefined:undefined:undefined":0,"s:24:8:26:Infinity":9,"b:24:12:24:19:24:23:24:30:24:34:24:42":1,"s:25:12:25:Infinity":10,"s:29:31:32:10":11,"b:34:8:36:Infinity:undefined:undefined:undefined:undefined":2,"s:34:8:36:Infinity":12,"s:35:12:35:Infinity":13,"s:38:23:45:10":14,"s:48:27:48:56":15,"s:49:26:49:94":16,"f:49:44:49:45":2,"s:49:56:49:70":17,"s:51:8:54:Infinity":18,"s:56:8:56:Infinity":19,"b:58:8:60:Infinity:undefined:undefined:undefined:undefined":3,"s:58:8:60:Infinity":20,"s:59:12:59:Infinity":21,"s:61:8:61:Infinity":22,"s:66:0:96:Infinity":23,"f:66:28:66:33":3,"s:67:4:95:Infinity":24,"s:68:23:68:59":25,"b:70:8:72:Infinity:undefined:undefined:undefined:undefined":4,"s:70:8:72:Infinity":26,"s:71:12:71:Infinity":27,"b:74:8:76:Infinity:undefined:undefined:undefined:undefined":5,"s:74:8:76:Infinity":28,"s:75:12:75:Infinity":29,"s:78:36:78:44":30,"s:79:8:79:Infinity":31,"b:79:24:79:30:79:34:79:47":6,"s:80:8:80:Infinity":32,"b:80:25:80:32:80:36:80:50":7,"s:82:8:82:Infinity":33,"s:85:27:85:71":34,"s:86:26:86:94":35,"f:86:44:86:45":4,"s:86:56:86:70":36,"s:88:8:90:Infinity":37,"s:92:8:92:Infinity":38,"s:94:8:94:Infinity":39,"s:99:0:133:Infinity":40,"f:99:31:99:36":5,"s:100:4:132:Infinity":41,"s:101:23:101:59":42,"b:103:8:105:Infinity:undefined:undefined:undefined:undefined":8,"s:103:8:105:Infinity":43,"s:104:12:104:Infinity":44,"s:108:24:108:76":45,"s:109:28:109:44":46,"b:111:8:113:Infinity:undefined:undefined:undefined:undefined":9,"s:111:8:113:Infinity":47,"b:111:12:111:20:111:24:111:36":10,"s:112:12:112:Infinity":48,"s:115:23:115:36":49,"s:116:8:116:Infinity":50,"s:119:27:119:56":51,"s:120:26:122:15":52,"b:121:14:121:82:122:14:122:15":11,"f:121:32:121:33":6,"s:121:44:121:58":53,"s:124:8:127:Infinity":54,"s:129:8:129:Infinity":55,"s:131:8:131:Infinity":56}}}
}
